#
# There is insufficient memory for the Java Runtime Environment to continue.
# Native memory allocation (malloc) failed to allocate 1221984 bytes. Error detail: Chunk::new
# Possible reasons:
#   The system is out of physical RAM or swap space
#   This process is running with CompressedOops enabled, and the Java Heap may be blocking the growth of the native heap
# Possible solutions:
#   Reduce memory load on the system
#   Increase physical memory or swap space
#   Check if swap backing store is full
#   Decrease Java heap size (-Xmx/-Xms)
#   Decrease number of Java threads
#   Decrease Java thread stack sizes (-Xss)
#   Set larger code cache with -XX:ReservedCodeCacheSize=
#   JVM is running with Unscaled Compressed Oops mode in which the Java heap is
#     placed in the first 4GB address space. The Java Heap base address is the
#     maximum limit for the native heap growth. Please use -XX:HeapBaseMinAddress
#     to set the Java Heap base and to place the Java Heap above 4GB virtual address.
# This output file may be truncated or incomplete.
#
#  Out of Memory Error (arena.cpp:168), pid=38444, tid=15640
#
# JRE version: OpenJDK Runtime Environment Temurin-21.0.10+7 (21.0.10+7) (build 21.0.10+7-LTS)
# Java VM: OpenJDK 64-Bit Server VM Temurin-21.0.10+7 (21.0.10+7-LTS, mixed mode, sharing, tiered, compressed oops, compressed class ptrs, g1 gc, windows-amd64)
# No core dump will be written. Minidumps are not enabled by default on client versions of Windows
#

---------------  S U M M A R Y ------------

Command Line: --add-opens=java.base/java.lang=ALL-UNNAMED --add-opens=java.base/java.lang.invoke=ALL-UNNAMED --add-opens=java.base/java.util=ALL-UNNAMED --add-opens=java.prefs/java.util.prefs=ALL-UNNAMED --add-exports=jdk.compiler/com.sun.tools.javac.api=ALL-UNNAMED --add-exports=jdk.compiler/com.sun.tools.javac.util=ALL-UNNAMED --add-opens=java.base/java.util=ALL-UNNAMED --add-opens=java.prefs/java.util.prefs=ALL-UNNAMED --add-opens=java.base/java.nio.charset=ALL-UNNAMED --add-opens=java.base/java.net=ALL-UNNAMED --add-opens=java.base/java.util.concurrent.atomic=ALL-UNNAMED --add-opens=java.xml/javax.xml.namespace=ALL-UNNAMED -Xmx2048m -Dfile.encoding=UTF-8 -Duser.country=US -Duser.language=en -Duser.variant -javaagent:C:\Users\ThanhCong\.gradle\wrapper\dists\gradle-8.13-bin\5xuhj0ry160q40clulazy9h7d\gradle-8.13\lib\agents\gradle-instrumentation-agent-8.13.jar org.gradle.launcher.daemon.bootstrap.GradleDaemon 8.13

Host: 11th Gen Intel(R) Core(TM) i5-11320H @ 3.20GHz, 8 cores, 23G,  Windows 11 , 64 bit Build 26100 (10.0.26100.7920)
Time: Sun Apr  5 15:57:39 2026 SE Asia Standard Time elapsed time: 29.102097 seconds (0d 0h 0m 29s)

---------------  T H R E A D  ---------------

Current thread (0x000002785e9b4af0):  JavaThread "C2 CompilerThread0" daemon [_thread_in_native, id=15640, stack(0x000000f933e00000,0x000000f933f00000) (1024K)]


Current CompileTask:
C2:29102 11591   !   4       org.gradle.internal.classloader.CachingClassLoader::loadClass (85 bytes)

Stack: [0x000000f933e00000,0x000000f933f00000]
Native frames: (J=compiled Java code, j=interpreted, Vv=VM code, C=native code)
V  [jvm.dll+0x6d7a39]
V  [jvm.dll+0x8b4b26]
V  [jvm.dll+0x8b70de]
V  [jvm.dll+0x8b77c3]
V  [jvm.dll+0x284346]
V  [jvm.dll+0xc66ed]
V  [jvm.dll+0xc6c31]
V  [jvm.dll+0x3bec3b]
V  [jvm.dll+0x38b162]
V  [jvm.dll+0x38a5aa]
V  [jvm.dll+0x24c560]
V  [jvm.dll+0x24bb40]
V  [jvm.dll+0x1cb34e]
V  [jvm.dll+0x25b85d]
V  [jvm.dll+0x259dea]
V  [jvm.dll+0x3f857e]
V  [jvm.dll+0x85f59d]
V  [jvm.dll+0x6d626d]
C  [ucrtbase.dll+0x37b0]
C  [KERNEL32.DLL+0x2e8d7]
C  [ntdll.dll+0x8c48c]


---------------  P R O C E S S  ---------------

Threads class SMR info:
_java_thread_list=0x000002786522b550, length=56, elements={
0x0000027845141210, 0x000002785e99d030, 0x000002785e99da90, 0x000002785e9a72d0,
0x000002785e9aa0d0, 0x000002785e9aab30, 0x000002785e9abad0, 0x000002785e9b4af0,
0x000002785e9b8cf0, 0x000002785ed1cf10, 0x000002785ed1c1f0, 0x000002785ed1c880,
0x000002785ed1b4d0, 0x000002785ed19a90, 0x000002785ed1a7b0, 0x000002785ed1ae40,
0x000002785ed1bb60, 0x00000278647aad90, 0x00000278647aa700, 0x00000278647ace60,
0x00000278647ab420, 0x00000278647ac140, 0x00000278647ad4f0, 0x00000278647aa070,
0x00000278647aef30, 0x00000278647b0970, 0x00000278647b1000, 0x00000278647af5c0,
0x00000278647b02e0, 0x00000278647ae210, 0x00000278675050c0, 0x0000027867503d10,
0x00000278675043a0, 0x0000027867509f80, 0x00000278675098f0, 0x0000027867509260,
0x0000027867507820, 0x0000027867508bd0, 0x0000027867508540, 0x0000027867507190,
0x0000027867507eb0, 0x0000027867506b00, 0x0000027867d1eb10, 0x0000027867d1ddf0,
0x0000027867d1b690, 0x0000027867d1e480, 0x0000027867d1ca40, 0x0000027867d1d760,
0x0000027867d1bd20, 0x0000027867d1f830, 0x0000027867d1c3b0, 0x0000027867d20be0,
0x0000027867d1f1a0, 0x0000027867d1fec0, 0x0000027867d1d0d0, 0x0000027866533600
}

Java Threads: ( => current thread )
  0x0000027845141210 JavaThread "main"                              [_thread_blocked, id=19520, stack(0x000000f933000000,0x000000f933100000) (1024K)]
  0x000002785e99d030 JavaThread "Reference Handler"          daemon [_thread_blocked, id=38324, stack(0x000000f933800000,0x000000f933900000) (1024K)]
  0x000002785e99da90 JavaThread "Finalizer"                  daemon [_thread_blocked, id=19604, stack(0x000000f933900000,0x000000f933a00000) (1024K)]
  0x000002785e9a72d0 JavaThread "Signal Dispatcher"          daemon [_thread_blocked, id=24732, stack(0x000000f933a00000,0x000000f933b00000) (1024K)]
  0x000002785e9aa0d0 JavaThread "Attach Listener"            daemon [_thread_blocked, id=38700, stack(0x000000f933b00000,0x000000f933c00000) (1024K)]
  0x000002785e9aab30 JavaThread "Service Thread"             daemon [_thread_blocked, id=38424, stack(0x000000f933c00000,0x000000f933d00000) (1024K)]
  0x000002785e9abad0 JavaThread "Monitor Deflation Thread"   daemon [_thread_blocked, id=29568, stack(0x000000f933d00000,0x000000f933e00000) (1024K)]
=>0x000002785e9b4af0 JavaThread "C2 CompilerThread0"         daemon [_thread_in_native, id=15640, stack(0x000000f933e00000,0x000000f933f00000) (1024K)]
  0x000002785e9b8cf0 JavaThread "C1 CompilerThread0"         daemon [_thread_blocked, id=31320, stack(0x000000f933f00000,0x000000f934000000) (1024K)]
  0x000002785ed1cf10 JavaThread "Common-Cleaner"             daemon [_thread_blocked, id=30040, stack(0x000000f934000000,0x000000f934100000) (1024K)]
  0x000002785ed1c1f0 JavaThread "Notification Thread"        daemon [_thread_blocked, id=27508, stack(0x000000f934100000,0x000000f934200000) (1024K)]
  0x000002785ed1c880 JavaThread "Daemon health stats"               [_thread_blocked, id=29672, stack(0x000000f934300000,0x000000f934400000) (1024K)]
  0x000002785ed1b4d0 JavaThread "Incoming local TCP Connector on port 51717"        [_thread_in_native, id=28744, stack(0x000000f934b00000,0x000000f934c00000) (1024K)]
  0x000002785ed19a90 JavaThread "Daemon periodic checks"            [_thread_blocked, id=33172, stack(0x000000f934c00000,0x000000f934d00000) (1024K)]
  0x000002785ed1a7b0 JavaThread "Daemon"                            [_thread_blocked, id=19900, stack(0x000000f934d00000,0x000000f934e00000) (1024K)]
  0x000002785ed1ae40 JavaThread "Handler for socket connection from /127.0.0.1:51717 to /127.0.0.1:51718"        [_thread_in_native, id=38428, stack(0x000000f934e00000,0x000000f934f00000) (1024K)]
  0x000002785ed1bb60 JavaThread "Cancel handler"                    [_thread_blocked, id=37432, stack(0x000000f934f00000,0x000000f935000000) (1024K)]
  0x00000278647aad90 JavaThread "Daemon worker"                     [_thread_in_native, id=33420, stack(0x000000f935000000,0x000000f935100000) (1024K)]
  0x00000278647aa700 JavaThread "Asynchronous log dispatcher for DefaultDaemonConnection: socket connection from /127.0.0.1:51717 to /127.0.0.1:51718"        [_thread_blocked, id=1924, stack(0x000000f935100000,0x000000f935200000) (1024K)]
  0x00000278647ace60 JavaThread "Stdin handler"                     [_thread_blocked, id=24696, stack(0x000000f935200000,0x000000f935300000) (1024K)]
  0x00000278647ab420 JavaThread "Daemon client event forwarder"        [_thread_blocked, id=30992, stack(0x000000f935300000,0x000000f935400000) (1024K)]
  0x00000278647ac140 JavaThread "Cache worker for journal cache (C:\Users\ThanhCong\.gradle\caches\journal-1)"        [_thread_blocked, id=33304, stack(0x000000f934200000,0x000000f934300000) (1024K)]
  0x00000278647ad4f0 JavaThread "File lock request listener"        [_thread_in_native, id=38484, stack(0x000000f935400000,0x000000f935500000) (1024K)]
  0x00000278647aa070 JavaThread "Cache worker for file hash cache (C:\Users\ThanhCong\.gradle\caches\8.13\fileHashes)"        [_thread_blocked, id=31752, stack(0x000000f935600000,0x000000f935700000) (1024K)]
  0x00000278647aef30 JavaThread "Cache worker for file hash cache (D:\PTIT\proj8\proj_mad\flulingo\mobile\.gradle\8.13\fileHashes)"        [_thread_blocked, id=29980, stack(0x000000f935900000,0x000000f935a00000) (1024K)]
  0x00000278647b0970 JavaThread "Cache worker for Build Output Cleanup Cache (D:\PTIT\proj8\proj_mad\flulingo\mobile\.gradle\buildOutputCleanup)"        [_thread_blocked, id=36784, stack(0x000000f935a00000,0x000000f935b00000) (1024K)]
  0x00000278647b1000 JavaThread "File watcher server"        daemon [_thread_in_native, id=27792, stack(0x000000f935700000,0x000000f935800000) (1024K)]
  0x00000278647af5c0 JavaThread "File watcher consumer"      daemon [_thread_blocked, id=14944, stack(0x000000f935b00000,0x000000f935c00000) (1024K)]
  0x00000278647b02e0 JavaThread "File lock release action executor"        [_thread_blocked, id=35468, stack(0x000000f935c00000,0x000000f935d00000) (1024K)]
  0x00000278647ae210 JavaThread "Cache worker for checksums cache (D:\PTIT\proj8\proj_mad\flulingo\mobile\.gradle\8.13\checksums)"        [_thread_blocked, id=30988, stack(0x000000f935e00000,0x000000f935f00000) (1024K)]
  0x00000278675050c0 JavaThread "Cache worker for file content cache (C:\Users\ThanhCong\.gradle\caches\8.13\fileContent)"        [_thread_blocked, id=7328, stack(0x000000f935f00000,0x000000f936000000) (1024K)]
  0x0000027867503d10 JavaThread "Cache worker for cache directory md-supplier (C:\Users\ThanhCong\.gradle\caches\8.13\md-supplier)"        [_thread_blocked, id=18368, stack(0x000000f936000000,0x000000f936100000) (1024K)]
  0x00000278675043a0 JavaThread "Cache worker for cache directory md-rule (C:\Users\ThanhCong\.gradle\caches\8.13\md-rule)"        [_thread_blocked, id=28172, stack(0x000000f936100000,0x000000f936200000) (1024K)]
  0x0000027867509f80 JavaThread "Unconstrained build operations"        [_thread_blocked, id=12924, stack(0x000000f936200000,0x000000f936300000) (1024K)]
  0x00000278675098f0 JavaThread "Unconstrained build operations Thread 2"        [_thread_blocked, id=34332, stack(0x000000f936300000,0x000000f936400000) (1024K)]
  0x0000027867509260 JavaThread "Unconstrained build operations Thread 3"        [_thread_blocked, id=26904, stack(0x000000f936400000,0x000000f936500000) (1024K)]
  0x0000027867507820 JavaThread "Unconstrained build operations Thread 4"        [_thread_blocked, id=10000, stack(0x000000f936500000,0x000000f936600000) (1024K)]
  0x0000027867508bd0 JavaThread "Unconstrained build operations Thread 5"        [_thread_blocked, id=18848, stack(0x000000f936600000,0x000000f936700000) (1024K)]
  0x0000027867508540 JavaThread "Unconstrained build operations Thread 6"        [_thread_blocked, id=15732, stack(0x000000f936700000,0x000000f936800000) (1024K)]
  0x0000027867507190 JavaThread "Unconstrained build operations Thread 7"        [_thread_blocked, id=11504, stack(0x000000f936800000,0x000000f936900000) (1024K)]
  0x0000027867507eb0 JavaThread "Unconstrained build operations Thread 8"        [_thread_blocked, id=3540, stack(0x000000f936900000,0x000000f936a00000) (1024K)]
  0x0000027867506b00 JavaThread "Unconstrained build operations Thread 9"        [_thread_blocked, id=7084, stack(0x000000f936a00000,0x000000f936b00000) (1024K)]
  0x0000027867d1eb10 JavaThread "Unconstrained build operations Thread 10"        [_thread_blocked, id=10816, stack(0x000000f936b00000,0x000000f936c00000) (1024K)]
  0x0000027867d1ddf0 JavaThread "Unconstrained build operations Thread 11"        [_thread_blocked, id=38620, stack(0x000000f936c00000,0x000000f936d00000) (1024K)]
  0x0000027867d1b690 JavaThread "Unconstrained build operations Thread 12"        [_thread_blocked, id=24736, stack(0x000000f936d00000,0x000000f936e00000) (1024K)]
  0x0000027867d1e480 JavaThread "Unconstrained build operations Thread 13"        [_thread_blocked, id=37664, stack(0x000000f936e00000,0x000000f936f00000) (1024K)]
  0x0000027867d1ca40 JavaThread "Unconstrained build operations Thread 14"        [_thread_blocked, id=36072, stack(0x000000f936f00000,0x000000f937000000) (1024K)]
  0x0000027867d1d760 JavaThread "Unconstrained build operations Thread 15"        [_thread_blocked, id=18900, stack(0x000000f937000000,0x000000f937100000) (1024K)]
  0x0000027867d1bd20 JavaThread "Unconstrained build operations Thread 16"        [_thread_blocked, id=12660, stack(0x000000f937100000,0x000000f937200000) (1024K)]
  0x0000027867d1f830 JavaThread "Unconstrained build operations Thread 17"        [_thread_blocked, id=37456, stack(0x000000f937200000,0x000000f937300000) (1024K)]
  0x0000027867d1c3b0 JavaThread "Unconstrained build operations Thread 18"        [_thread_blocked, id=6452, stack(0x000000f937300000,0x000000f937400000) (1024K)]
  0x0000027867d20be0 JavaThread "Unconstrained build operations Thread 19"        [_thread_blocked, id=17632, stack(0x000000f937400000,0x000000f937500000) (1024K)]
  0x0000027867d1f1a0 JavaThread "Unconstrained build operations Thread 20"        [_thread_blocked, id=452, stack(0x000000f937500000,0x000000f937600000) (1024K)]
  0x0000027867d1fec0 JavaThread "Unconstrained build operations Thread 21"        [_thread_blocked, id=26584, stack(0x000000f937600000,0x000000f937700000) (1024K)]
  0x0000027867d1d0d0 JavaThread "Memory manager"                    [_thread_blocked, id=37880, stack(0x000000f937700000,0x000000f937800000) (1024K)]
  0x0000027866533600 JavaThread "build event listener"              [_thread_blocked, id=25516, stack(0x000000f935d00000,0x000000f935e00000) (1024K)]
Total: 56

Other Threads:
  0x000002785e9731d0 VMThread "VM Thread"                           [id=29440, stack(0x000000f933700000,0x000000f933800000) (1024K)]
  0x000002785e966590 WatcherThread "VM Periodic Task Thread"        [id=19020, stack(0x000000f933600000,0x000000f933700000) (1024K)]
  0x0000027845199970 WorkerThread "GC Thread#0"                     [id=25052, stack(0x000000f933100000,0x000000f933200000) (1024K)]
  0x00000278630f6530 WorkerThread "GC Thread#1"                     [id=23596, stack(0x000000f934400000,0x000000f934500000) (1024K)]
  0x0000027863282660 WorkerThread "GC Thread#2"                     [id=38112, stack(0x000000f934500000,0x000000f934600000) (1024K)]
  0x0000027863282a10 WorkerThread "GC Thread#3"                     [id=28644, stack(0x000000f934600000,0x000000f934700000) (1024K)]
  0x000002786306d120 WorkerThread "GC Thread#4"                     [id=23172, stack(0x000000f934700000,0x000000f934800000) (1024K)]
  0x000002786306d4d0 WorkerThread "GC Thread#5"                     [id=12028, stack(0x000000f934800000,0x000000f934900000) (1024K)]
  0x000002786306d880 WorkerThread "GC Thread#6"                     [id=34036, stack(0x000000f934900000,0x000000f934a00000) (1024K)]
  0x0000027863126990 WorkerThread "GC Thread#7"                     [id=2668, stack(0x000000f934a00000,0x000000f934b00000) (1024K)]
  0x00000278451aa870 ConcurrentGCThread "G1 Main Marker"            [id=16356, stack(0x000000f933200000,0x000000f933300000) (1024K)]
  0x00000278451ac2a0 WorkerThread "G1 Conc#0"                       [id=22604, stack(0x000000f933300000,0x000000f933400000) (1024K)]
  0x0000027864b84b50 WorkerThread "G1 Conc#1"                       [id=38900, stack(0x000000f935800000,0x000000f935900000) (1024K)]
  0x000002785e9167a0 ConcurrentGCThread "G1 Refine#0"               [id=38004, stack(0x000000f933400000,0x000000f933500000) (1024K)]
  0x000002785e916fd0 ConcurrentGCThread "G1 Service"                [id=20776, stack(0x000000f933500000,0x000000f933600000) (1024K)]
Total: 15

Threads with active compile tasks:
C2 CompilerThread0  29153 11591   !   4       org.gradle.internal.classloader.CachingClassLoader::loadClass (85 bytes)
Total: 1

VM state: not at safepoint (normal execution)

VM Mutex/Monitor currently owned by a thread: None

Heap address: 0x0000000080000000, size: 2048 MB, Compressed Oops mode: 32-bit

CDS archive(s) mapped at: [0x0000027800000000-0x0000027800ba0000-0x0000027800ba0000), size 12189696, SharedBaseAddress: 0x0000027800000000, ArchiveRelocationMode: 1.
Compressed class space mapped at: 0x0000027801000000-0x0000027841000000, reserved size: 1073741824
Narrow klass base: 0x0000027800000000, Narrow klass shift: 0, Narrow klass range: 0x100000000

GC Precious Log:
 CardTable entry size: 512
 Card Set container configuration: InlinePtr #cards 5 size 8 Array Of Cards #cards 12 size 40 Howl #buckets 4 coarsen threshold 1843 Howl Bitmap #cards 512 size 80 coarsen threshold 460 Card regions per heap region 1 cards per card region 2048
 CPUs: 8 total, 8 available
 Memory: 24314M
 Large Page Support: Disabled
 NUMA Support: Disabled
 Compressed Oops: Enabled (32-bit)
 Heap Region Size: 1M
 Heap Min Capacity: 8M
 Heap Initial Capacity: 380M
 Heap Max Capacity: 2G
 Pre-touch: Disabled
 Parallel Workers: 8
 Concurrent Workers: 2
 Concurrent Refinement Workers: 8
 Periodic GC: Disabled

Heap:
 garbage-first heap   total 182272K, used 116361K [0x0000000080000000, 0x0000000100000000)
  region size 1024K, 34 young (34816K), 7 survivors (7168K)
 Metaspace       used 92608K, committed 94848K, reserved 1179648K
  class space    used 13199K, committed 14336K, reserved 1048576K

Heap Regions: E=young(eden), S=young(survivor), O=old, HS=humongous(starts), HC=humongous(continues), CS=collection set, F=free, TAMS=top-at-mark-start, PB=parsable bottom
|   0|0x0000000080000000, 0x0000000080100000, 0x0000000080100000|100%|HS|  |TAMS 0x0000000080000000| PB 0x0000000080000000| Complete 
|   1|0x0000000080100000, 0x0000000080200000, 0x0000000080200000|100%|HC|  |TAMS 0x0000000080100000| PB 0x0000000080100000| Complete 
|   2|0x0000000080200000, 0x0000000080300000, 0x0000000080300000|100%|HC|  |TAMS 0x0000000080200000| PB 0x0000000080200000| Complete 
|   3|0x0000000080300000, 0x0000000080400000, 0x0000000080400000|100%| O|  |TAMS 0x0000000080300000| PB 0x0000000080300000| Untracked 
|   4|0x0000000080400000, 0x0000000080500000, 0x0000000080500000|100%| O|  |TAMS 0x0000000080400000| PB 0x0000000080400000| Untracked 
|   5|0x0000000080500000, 0x0000000080600000, 0x0000000080600000|100%| O|  |TAMS 0x0000000080500000| PB 0x0000000080500000| Untracked 
|   6|0x0000000080600000, 0x0000000080700000, 0x0000000080700000|100%|HS|  |TAMS 0x0000000080600000| PB 0x0000000080600000| Complete 
|   7|0x0000000080700000, 0x0000000080800000, 0x0000000080800000|100%| O|  |TAMS 0x0000000080700000| PB 0x0000000080700000| Untracked 
|   8|0x0000000080800000, 0x0000000080900000, 0x0000000080900000|100%| O|  |TAMS 0x0000000080800000| PB 0x0000000080800000| Untracked 
|   9|0x0000000080900000, 0x0000000080a00000, 0x0000000080a00000|100%| O|  |TAMS 0x0000000080900000| PB 0x0000000080900000| Untracked 
|  10|0x0000000080a00000, 0x0000000080b00000, 0x0000000080b00000|100%| O|  |TAMS 0x0000000080a00000| PB 0x0000000080a00000| Untracked 
|  11|0x0000000080b00000, 0x0000000080c00000, 0x0000000080c00000|100%| O|  |TAMS 0x0000000080b00000| PB 0x0000000080b00000| Untracked 
|  12|0x0000000080c00000, 0x0000000080cf14f8, 0x0000000080d00000| 94%| O|  |TAMS 0x0000000080c00000| PB 0x0000000080c00000| Untracked 
|  13|0x0000000080d00000, 0x0000000080e00000, 0x0000000080e00000|100%| O|  |TAMS 0x0000000080d00000| PB 0x0000000080d00000| Untracked 
|  14|0x0000000080e00000, 0x0000000080f00000, 0x0000000080f00000|100%| O|  |TAMS 0x0000000080e00000| PB 0x0000000080e00000| Untracked 
|  15|0x0000000080f00000, 0x0000000081000000, 0x0000000081000000|100%| O|  |TAMS 0x0000000080f00000| PB 0x0000000080f00000| Untracked 
|  16|0x0000000081000000, 0x0000000081100000, 0x0000000081100000|100%| O|  |TAMS 0x0000000081000000| PB 0x0000000081000000| Untracked 
|  17|0x0000000081100000, 0x0000000081200000, 0x0000000081200000|100%| O|  |TAMS 0x0000000081100000| PB 0x0000000081100000| Untracked 
|  18|0x0000000081200000, 0x0000000081300000, 0x0000000081300000|100%| O|  |TAMS 0x0000000081200000| PB 0x0000000081200000| Untracked 
|  19|0x0000000081300000, 0x0000000081400000, 0x0000000081400000|100%| O|  |TAMS 0x0000000081300000| PB 0x0000000081300000| Untracked 
|  20|0x0000000081400000, 0x0000000081500000, 0x0000000081500000|100%| O|  |TAMS 0x0000000081400000| PB 0x0000000081400000| Untracked 
|  21|0x0000000081500000, 0x0000000081600000, 0x0000000081600000|100%| O|  |TAMS 0x0000000081500000| PB 0x0000000081500000| Untracked 
|  22|0x0000000081600000, 0x0000000081700000, 0x0000000081700000|100%| O|  |TAMS 0x0000000081600000| PB 0x0000000081600000| Untracked 
|  23|0x0000000081700000, 0x0000000081800000, 0x0000000081800000|100%| O|  |TAMS 0x0000000081700000| PB 0x0000000081700000| Untracked 
|  24|0x0000000081800000, 0x0000000081900000, 0x0000000081900000|100%| O|Cm|TAMS 0x0000000081800000| PB 0x0000000081800000| Complete 
|  25|0x0000000081900000, 0x0000000081a00000, 0x0000000081a00000|100%|HS|  |TAMS 0x0000000081900000| PB 0x0000000081900000| Complete 
|  26|0x0000000081a00000, 0x0000000081b00000, 0x0000000081b00000|100%| O|  |TAMS 0x0000000081a00000| PB 0x0000000081a00000| Untracked 
|  27|0x0000000081b00000, 0x0000000081c00000, 0x0000000081c00000|100%| O|  |TAMS 0x0000000081b00000| PB 0x0000000081b00000| Untracked 
|  28|0x0000000081c00000, 0x0000000081d00000, 0x0000000081d00000|100%| O|  |TAMS 0x0000000081c00000| PB 0x0000000081c00000| Untracked 
|  29|0x0000000081d00000, 0x0000000081e00000, 0x0000000081e00000|100%| O|  |TAMS 0x0000000081d00000| PB 0x0000000081d00000| Untracked 
|  30|0x0000000081e00000, 0x0000000081f00000, 0x0000000081f00000|100%| O|  |TAMS 0x0000000081e00000| PB 0x0000000081e00000| Untracked 
|  31|0x0000000081f00000, 0x0000000082000000, 0x0000000082000000|100%| O|  |TAMS 0x0000000081f00000| PB 0x0000000081f00000| Untracked 
|  32|0x0000000082000000, 0x0000000082100000, 0x0000000082100000|100%| O|  |TAMS 0x0000000082000000| PB 0x0000000082000000| Untracked 
|  33|0x0000000082100000, 0x0000000082200000, 0x0000000082200000|100%| O|  |TAMS 0x0000000082100000| PB 0x0000000082100000| Untracked 
|  34|0x0000000082200000, 0x0000000082300000, 0x0000000082300000|100%| O|  |TAMS 0x0000000082200000| PB 0x0000000082200000| Untracked 
|  35|0x0000000082300000, 0x0000000082400000, 0x0000000082400000|100%| O|  |TAMS 0x0000000082300000| PB 0x0000000082300000| Untracked 
|  36|0x0000000082400000, 0x0000000082500000, 0x0000000082500000|100%| O|  |TAMS 0x0000000082400000| PB 0x0000000082400000| Untracked 
|  37|0x0000000082500000, 0x0000000082500000, 0x0000000082600000|  0%| F|  |TAMS 0x0000000082500000| PB 0x0000000082500000| Untracked 
|  38|0x0000000082600000, 0x0000000082600000, 0x0000000082700000|  0%| F|  |TAMS 0x0000000082600000| PB 0x0000000082600000| Untracked 
|  39|0x0000000082700000, 0x0000000082800000, 0x0000000082800000|100%| O|  |TAMS 0x0000000082700000| PB 0x0000000082700000| Untracked 
|  40|0x0000000082800000, 0x0000000082900000, 0x0000000082900000|100%| O|  |TAMS 0x0000000082800000| PB 0x0000000082800000| Untracked 
|  41|0x0000000082900000, 0x0000000082a00000, 0x0000000082a00000|100%| O|  |TAMS 0x0000000082900000| PB 0x0000000082900000| Untracked 
|  42|0x0000000082a00000, 0x0000000082b00000, 0x0000000082b00000|100%| O|  |TAMS 0x0000000082a00000| PB 0x0000000082a00000| Untracked 
|  43|0x0000000082b00000, 0x0000000082c00000, 0x0000000082c00000|100%| O|  |TAMS 0x0000000082b00000| PB 0x0000000082b00000| Untracked 
|  44|0x0000000082c00000, 0x0000000082d00000, 0x0000000082d00000|100%| O|Cm|TAMS 0x0000000082c00000| PB 0x0000000082c00000| Complete 
|  45|0x0000000082d00000, 0x0000000082e00000, 0x0000000082e00000|100%| O|  |TAMS 0x0000000082d00000| PB 0x0000000082d00000| Untracked 
|  46|0x0000000082e00000, 0x0000000082ef9c00, 0x0000000082f00000| 97%| O|Cm|TAMS 0x0000000082e00000| PB 0x0000000082e00000| Complete 
|  47|0x0000000082f00000, 0x0000000083000000, 0x0000000083000000|100%|HS|  |TAMS 0x0000000082f00000| PB 0x0000000082f00000| Complete 
|  48|0x0000000083000000, 0x0000000083100000, 0x0000000083100000|100%|HS|  |TAMS 0x0000000083000000| PB 0x0000000083000000| Complete 
|  49|0x0000000083100000, 0x0000000083200000, 0x0000000083200000|100%|HC|  |TAMS 0x0000000083100000| PB 0x0000000083100000| Complete 
|  50|0x0000000083200000, 0x0000000083300000, 0x0000000083300000|100%| O|  |TAMS 0x0000000083200000| PB 0x0000000083200000| Untracked 
|  51|0x0000000083300000, 0x0000000083400000, 0x0000000083400000|100%| O|  |TAMS 0x0000000083300000| PB 0x0000000083300000| Untracked 
|  52|0x0000000083400000, 0x0000000083500000, 0x0000000083500000|100%|HS|  |TAMS 0x0000000083400000| PB 0x0000000083400000| Complete 
|  53|0x0000000083500000, 0x0000000083600000, 0x0000000083600000|100%|HC|  |TAMS 0x0000000083500000| PB 0x0000000083500000| Complete 
|  54|0x0000000083600000, 0x0000000083700000, 0x0000000083700000|100%|HS|  |TAMS 0x0000000083600000| PB 0x0000000083600000| Complete 
|  55|0x0000000083700000, 0x0000000083800000, 0x0000000083800000|100%| O|  |TAMS 0x0000000083700000| PB 0x0000000083700000| Untracked 
|  56|0x0000000083800000, 0x0000000083900000, 0x0000000083900000|100%| O|  |TAMS 0x0000000083800000| PB 0x0000000083800000| Untracked 
|  57|0x0000000083900000, 0x0000000083a00000, 0x0000000083a00000|100%|HS|  |TAMS 0x0000000083900000| PB 0x0000000083900000| Complete 
|  58|0x0000000083a00000, 0x0000000083b00000, 0x0000000083b00000|100%|HS|  |TAMS 0x0000000083a00000| PB 0x0000000083a00000| Complete 
|  59|0x0000000083b00000, 0x0000000083c00000, 0x0000000083c00000|100%|HS|  |TAMS 0x0000000083b00000| PB 0x0000000083b00000| Complete 
|  60|0x0000000083c00000, 0x0000000083d00000, 0x0000000083d00000|100%|HS|  |TAMS 0x0000000083c00000| PB 0x0000000083c00000| Complete 
|  61|0x0000000083d00000, 0x0000000083e00000, 0x0000000083e00000|100%| O|  |TAMS 0x0000000083d00000| PB 0x0000000083d00000| Untracked 
|  62|0x0000000083e00000, 0x0000000083e00000, 0x0000000083f00000|  0%| F|  |TAMS 0x0000000083e00000| PB 0x0000000083e00000| Untracked 
|  63|0x0000000083f00000, 0x0000000084000000, 0x0000000084000000|100%| O|  |TAMS 0x0000000083f00000| PB 0x0000000083f00000| Untracked 
|  64|0x0000000084000000, 0x0000000084100000, 0x0000000084100000|100%| O|  |TAMS 0x0000000084000000| PB 0x0000000084000000| Untracked 
|  65|0x0000000084100000, 0x0000000084200000, 0x0000000084200000|100%| O|  |TAMS 0x0000000084100000| PB 0x0000000084100000| Untracked 
|  66|0x0000000084200000, 0x0000000084300000, 0x0000000084300000|100%| O|  |TAMS 0x0000000084200000| PB 0x0000000084200000| Untracked 
|  67|0x0000000084300000, 0x0000000084400000, 0x0000000084400000|100%| O|  |TAMS 0x0000000084300000| PB 0x0000000084300000| Untracked 
|  68|0x0000000084400000, 0x0000000084500000, 0x0000000084500000|100%| O|  |TAMS 0x0000000084400000| PB 0x0000000084400000| Untracked 
|  69|0x0000000084500000, 0x0000000084600000, 0x0000000084600000|100%| O|  |TAMS 0x0000000084500000| PB 0x0000000084500000| Untracked 
|  70|0x0000000084600000, 0x0000000084700000, 0x0000000084700000|100%| O|  |TAMS 0x0000000084600000| PB 0x0000000084600000| Untracked 
|  71|0x0000000084700000, 0x0000000084800000, 0x0000000084800000|100%| O|  |TAMS 0x0000000084700000| PB 0x0000000084700000| Untracked 
|  72|0x0000000084800000, 0x0000000084900000, 0x0000000084900000|100%| O|  |TAMS 0x0000000084800000| PB 0x0000000084800000| Untracked 
|  73|0x0000000084900000, 0x0000000084a00000, 0x0000000084a00000|100%| O|  |TAMS 0x0000000084900000| PB 0x0000000084900000| Untracked 
|  74|0x0000000084a00000, 0x0000000084b00000, 0x0000000084b00000|100%| O|  |TAMS 0x0000000084a00000| PB 0x0000000084a00000| Untracked 
|  75|0x0000000084b00000, 0x0000000084c00000, 0x0000000084c00000|100%| O|  |TAMS 0x0000000084b00000| PB 0x0000000084b00000| Untracked 
|  76|0x0000000084c00000, 0x0000000084d00000, 0x0000000084d00000|100%| O|  |TAMS 0x0000000084c00000| PB 0x0000000084c00000| Untracked 
|  77|0x0000000084d00000, 0x0000000084e00000, 0x0000000084e00000|100%| O|  |TAMS 0x0000000084d00000| PB 0x0000000084d00000| Untracked 
|  78|0x0000000084e00000, 0x0000000084f00000, 0x0000000084f00000|100%| O|  |TAMS 0x0000000084e00000| PB 0x0000000084e00000| Untracked 
|  79|0x0000000084f00000, 0x0000000085000000, 0x0000000085000000|100%| O|  |TAMS 0x0000000084f00000| PB 0x0000000084f00000| Untracked 
|  80|0x0000000085000000, 0x0000000085100000, 0x0000000085100000|100%| O|  |TAMS 0x0000000085000000| PB 0x0000000085000000| Untracked 
|  81|0x0000000085100000, 0x0000000085100000, 0x0000000085200000|  0%| F|  |TAMS 0x0000000085100000| PB 0x0000000085100000| Untracked 
|  82|0x0000000085200000, 0x0000000085200000, 0x0000000085300000|  0%| F|  |TAMS 0x0000000085200000| PB 0x0000000085200000| Untracked 
|  83|0x0000000085300000, 0x0000000085300000, 0x0000000085400000|  0%| F|  |TAMS 0x0000000085300000| PB 0x0000000085300000| Untracked 
|  84|0x0000000085400000, 0x0000000085400000, 0x0000000085500000|  0%| F|  |TAMS 0x0000000085400000| PB 0x0000000085400000| Untracked 
|  85|0x0000000085500000, 0x0000000085500000, 0x0000000085600000|  0%| F|  |TAMS 0x0000000085500000| PB 0x0000000085500000| Untracked 
|  86|0x0000000085600000, 0x0000000085600000, 0x0000000085700000|  0%| F|  |TAMS 0x0000000085600000| PB 0x0000000085600000| Untracked 
|  87|0x0000000085700000, 0x0000000085800000, 0x0000000085800000|100%| O|  |TAMS 0x0000000085700000| PB 0x0000000085700000| Untracked 
|  88|0x0000000085800000, 0x0000000085869060, 0x0000000085900000| 41%| O|  |TAMS 0x0000000085800000| PB 0x0000000085800000| Untracked 
|  89|0x0000000085900000, 0x000000008594e4c8, 0x0000000085a00000| 30%| S|CS|TAMS 0x0000000085900000| PB 0x0000000085900000| Complete 
|  90|0x0000000085a00000, 0x0000000085b00000, 0x0000000085b00000|100%| S|CS|TAMS 0x0000000085a00000| PB 0x0000000085a00000| Complete 
|  91|0x0000000085b00000, 0x0000000085c00000, 0x0000000085c00000|100%| S|CS|TAMS 0x0000000085b00000| PB 0x0000000085b00000| Complete 
|  92|0x0000000085c00000, 0x0000000085d00000, 0x0000000085d00000|100%| S|CS|TAMS 0x0000000085c00000| PB 0x0000000085c00000| Complete 
|  93|0x0000000085d00000, 0x0000000085e00000, 0x0000000085e00000|100%| S|CS|TAMS 0x0000000085d00000| PB 0x0000000085d00000| Complete 
|  94|0x0000000085e00000, 0x0000000085f00000, 0x0000000085f00000|100%| S|CS|TAMS 0x0000000085e00000| PB 0x0000000085e00000| Complete 
|  95|0x0000000085f00000, 0x0000000086000000, 0x0000000086000000|100%| S|CS|TAMS 0x0000000085f00000| PB 0x0000000085f00000| Complete 
|  96|0x0000000086000000, 0x0000000086000000, 0x0000000086100000|  0%| F|  |TAMS 0x0000000086000000| PB 0x0000000086000000| Untracked 
|  97|0x0000000086100000, 0x0000000086100000, 0x0000000086200000|  0%| F|  |TAMS 0x0000000086100000| PB 0x0000000086100000| Untracked 
|  98|0x0000000086200000, 0x0000000086200000, 0x0000000086300000|  0%| F|  |TAMS 0x0000000086200000| PB 0x0000000086200000| Untracked 
|  99|0x0000000086300000, 0x0000000086300000, 0x0000000086400000|  0%| F|  |TAMS 0x0000000086300000| PB 0x0000000086300000| Untracked 
| 100|0x0000000086400000, 0x0000000086400000, 0x0000000086500000|  0%| F|  |TAMS 0x0000000086400000| PB 0x0000000086400000| Untracked 
| 101|0x0000000086500000, 0x0000000086500000, 0x0000000086600000|  0%| F|  |TAMS 0x0000000086500000| PB 0x0000000086500000| Untracked 
| 102|0x0000000086600000, 0x0000000086600000, 0x0000000086700000|  0%| F|  |TAMS 0x0000000086600000| PB 0x0000000086600000| Untracked 
| 103|0x0000000086700000, 0x0000000086700000, 0x0000000086800000|  0%| F|  |TAMS 0x0000000086700000| PB 0x0000000086700000| Untracked 
| 104|0x0000000086800000, 0x0000000086800000, 0x0000000086900000|  0%| F|  |TAMS 0x0000000086800000| PB 0x0000000086800000| Untracked 
| 105|0x0000000086900000, 0x0000000086900000, 0x0000000086a00000|  0%| F|  |TAMS 0x0000000086900000| PB 0x0000000086900000| Untracked 
| 106|0x0000000086a00000, 0x0000000086a00000, 0x0000000086b00000|  0%| F|  |TAMS 0x0000000086a00000| PB 0x0000000086a00000| Untracked 
| 107|0x0000000086b00000, 0x0000000086b00000, 0x0000000086c00000|  0%| F|  |TAMS 0x0000000086b00000| PB 0x0000000086b00000| Untracked 
| 108|0x0000000086c00000, 0x0000000086c00000, 0x0000000086d00000|  0%| F|  |TAMS 0x0000000086c00000| PB 0x0000000086c00000| Untracked 
| 109|0x0000000086d00000, 0x0000000086d00000, 0x0000000086e00000|  0%| F|  |TAMS 0x0000000086d00000| PB 0x0000000086d00000| Untracked 
| 110|0x0000000086e00000, 0x0000000086e00000, 0x0000000086f00000|  0%| F|  |TAMS 0x0000000086e00000| PB 0x0000000086e00000| Untracked 
| 111|0x0000000086f00000, 0x0000000086f00000, 0x0000000087000000|  0%| F|  |TAMS 0x0000000086f00000| PB 0x0000000086f00000| Untracked 
| 112|0x0000000087000000, 0x0000000087000000, 0x0000000087100000|  0%| F|  |TAMS 0x0000000087000000| PB 0x0000000087000000| Untracked 
| 113|0x0000000087100000, 0x0000000087100000, 0x0000000087200000|  0%| F|  |TAMS 0x0000000087100000| PB 0x0000000087100000| Untracked 
| 114|0x0000000087200000, 0x0000000087200000, 0x0000000087300000|  0%| F|  |TAMS 0x0000000087200000| PB 0x0000000087200000| Untracked 
| 115|0x0000000087300000, 0x0000000087300000, 0x0000000087400000|  0%| F|  |TAMS 0x0000000087300000| PB 0x0000000087300000| Untracked 
| 116|0x0000000087400000, 0x0000000087400000, 0x0000000087500000|  0%| F|  |TAMS 0x0000000087400000| PB 0x0000000087400000| Untracked 
| 117|0x0000000087500000, 0x0000000087500000, 0x0000000087600000|  0%| F|  |TAMS 0x0000000087500000| PB 0x0000000087500000| Untracked 
| 118|0x0000000087600000, 0x0000000087600000, 0x0000000087700000|  0%| F|  |TAMS 0x0000000087600000| PB 0x0000000087600000| Untracked 
| 119|0x0000000087700000, 0x0000000087700000, 0x0000000087800000|  0%| F|  |TAMS 0x0000000087700000| PB 0x0000000087700000| Untracked 
| 120|0x0000000087800000, 0x0000000087800000, 0x0000000087900000|  0%| F|  |TAMS 0x0000000087800000| PB 0x0000000087800000| Untracked 
| 121|0x0000000087900000, 0x0000000087900000, 0x0000000087a00000|  0%| F|  |TAMS 0x0000000087900000| PB 0x0000000087900000| Untracked 
| 122|0x0000000087a00000, 0x0000000087a00000, 0x0000000087b00000|  0%| F|  |TAMS 0x0000000087a00000| PB 0x0000000087a00000| Untracked 
| 123|0x0000000087b00000, 0x0000000087b00000, 0x0000000087c00000|  0%| F|  |TAMS 0x0000000087b00000| PB 0x0000000087b00000| Untracked 
| 124|0x0000000087c00000, 0x0000000087c00000, 0x0000000087d00000|  0%| F|  |TAMS 0x0000000087c00000| PB 0x0000000087c00000| Untracked 
| 125|0x0000000087d00000, 0x0000000087d00000, 0x0000000087e00000|  0%| F|  |TAMS 0x0000000087d00000| PB 0x0000000087d00000| Untracked 
| 126|0x0000000087e00000, 0x0000000087e00000, 0x0000000087f00000|  0%| F|  |TAMS 0x0000000087e00000| PB 0x0000000087e00000| Untracked 
| 127|0x0000000087f00000, 0x0000000087f00000, 0x0000000088000000|  0%| F|  |TAMS 0x0000000087f00000| PB 0x0000000087f00000| Untracked 
| 128|0x0000000088000000, 0x0000000088000000, 0x0000000088100000|  0%| F|  |TAMS 0x0000000088000000| PB 0x0000000088000000| Untracked 
| 129|0x0000000088100000, 0x0000000088100000, 0x0000000088200000|  0%| F|  |TAMS 0x0000000088100000| PB 0x0000000088100000| Untracked 
| 130|0x0000000088200000, 0x0000000088200000, 0x0000000088300000|  0%| F|  |TAMS 0x0000000088200000| PB 0x0000000088200000| Untracked 
| 131|0x0000000088300000, 0x0000000088300000, 0x0000000088400000|  0%| F|  |TAMS 0x0000000088300000| PB 0x0000000088300000| Untracked 
| 132|0x0000000088400000, 0x0000000088400000, 0x0000000088500000|  0%| F|  |TAMS 0x0000000088400000| PB 0x0000000088400000| Untracked 
| 133|0x0000000088500000, 0x0000000088500000, 0x0000000088600000|  0%| F|  |TAMS 0x0000000088500000| PB 0x0000000088500000| Untracked 
| 134|0x0000000088600000, 0x0000000088600000, 0x0000000088700000|  0%| F|  |TAMS 0x0000000088600000| PB 0x0000000088600000| Untracked 
| 135|0x0000000088700000, 0x0000000088700000, 0x0000000088800000|  0%| F|  |TAMS 0x0000000088700000| PB 0x0000000088700000| Untracked 
| 136|0x0000000088800000, 0x0000000088800000, 0x0000000088900000|  0%| F|  |TAMS 0x0000000088800000| PB 0x0000000088800000| Untracked 
| 137|0x0000000088900000, 0x0000000088900000, 0x0000000088a00000|  0%| F|  |TAMS 0x0000000088900000| PB 0x0000000088900000| Untracked 
| 138|0x0000000088a00000, 0x0000000088a00000, 0x0000000088b00000|  0%| F|  |TAMS 0x0000000088a00000| PB 0x0000000088a00000| Untracked 
| 139|0x0000000088b00000, 0x0000000088b00000, 0x0000000088c00000|  0%| F|  |TAMS 0x0000000088b00000| PB 0x0000000088b00000| Untracked 
| 140|0x0000000088c00000, 0x0000000088c00000, 0x0000000088d00000|  0%| F|  |TAMS 0x0000000088c00000| PB 0x0000000088c00000| Untracked 
| 141|0x0000000088d00000, 0x0000000088d00000, 0x0000000088e00000|  0%| F|  |TAMS 0x0000000088d00000| PB 0x0000000088d00000| Untracked 
| 142|0x0000000088e00000, 0x0000000088e00000, 0x0000000088f00000|  0%| F|  |TAMS 0x0000000088e00000| PB 0x0000000088e00000| Untracked 
| 143|0x0000000088f00000, 0x0000000088f00000, 0x0000000089000000|  0%| F|  |TAMS 0x0000000088f00000| PB 0x0000000088f00000| Untracked 
| 144|0x0000000089000000, 0x0000000089000000, 0x0000000089100000|  0%| F|  |TAMS 0x0000000089000000| PB 0x0000000089000000| Untracked 
| 145|0x0000000089100000, 0x0000000089100000, 0x0000000089200000|  0%| F|  |TAMS 0x0000000089100000| PB 0x0000000089100000| Untracked 
| 146|0x0000000089200000, 0x0000000089200000, 0x0000000089300000|  0%| F|  |TAMS 0x0000000089200000| PB 0x0000000089200000| Untracked 
| 147|0x0000000089300000, 0x0000000089300000, 0x0000000089400000|  0%| F|  |TAMS 0x0000000089300000| PB 0x0000000089300000| Untracked 
| 148|0x0000000089400000, 0x0000000089400000, 0x0000000089500000|  0%| F|  |TAMS 0x0000000089400000| PB 0x0000000089400000| Untracked 
| 149|0x0000000089500000, 0x0000000089600000, 0x0000000089600000|100%| E|  |TAMS 0x0000000089500000| PB 0x0000000089500000| Complete 
| 150|0x0000000089600000, 0x0000000089700000, 0x0000000089700000|100%| E|CS|TAMS 0x0000000089600000| PB 0x0000000089600000| Complete 
| 151|0x0000000089700000, 0x0000000089800000, 0x0000000089800000|100%| E|CS|TAMS 0x0000000089700000| PB 0x0000000089700000| Complete 
| 152|0x0000000089800000, 0x0000000089900000, 0x0000000089900000|100%| E|CS|TAMS 0x0000000089800000| PB 0x0000000089800000| Complete 
| 153|0x0000000089900000, 0x0000000089a00000, 0x0000000089a00000|100%| E|CS|TAMS 0x0000000089900000| PB 0x0000000089900000| Complete 
| 154|0x0000000089a00000, 0x0000000089b00000, 0x0000000089b00000|100%| E|CS|TAMS 0x0000000089a00000| PB 0x0000000089a00000| Complete 
| 155|0x0000000089b00000, 0x0000000089c00000, 0x0000000089c00000|100%| E|CS|TAMS 0x0000000089b00000| PB 0x0000000089b00000| Complete 
| 156|0x0000000089c00000, 0x0000000089d00000, 0x0000000089d00000|100%| E|CS|TAMS 0x0000000089c00000| PB 0x0000000089c00000| Complete 
| 157|0x0000000089d00000, 0x0000000089e00000, 0x0000000089e00000|100%| E|CS|TAMS 0x0000000089d00000| PB 0x0000000089d00000| Complete 
| 158|0x0000000089e00000, 0x0000000089f00000, 0x0000000089f00000|100%| E|CS|TAMS 0x0000000089e00000| PB 0x0000000089e00000| Complete 
| 159|0x0000000089f00000, 0x000000008a000000, 0x000000008a000000|100%| E|CS|TAMS 0x0000000089f00000| PB 0x0000000089f00000| Complete 
| 160|0x000000008a000000, 0x000000008a100000, 0x000000008a100000|100%| E|CS|TAMS 0x000000008a000000| PB 0x000000008a000000| Complete 
| 161|0x000000008a100000, 0x000000008a200000, 0x000000008a200000|100%| E|CS|TAMS 0x000000008a100000| PB 0x000000008a100000| Complete 
| 162|0x000000008a200000, 0x000000008a300000, 0x000000008a300000|100%| E|CS|TAMS 0x000000008a200000| PB 0x000000008a200000| Complete 
| 163|0x000000008a300000, 0x000000008a400000, 0x000000008a400000|100%| E|CS|TAMS 0x000000008a300000| PB 0x000000008a300000| Complete 
| 164|0x000000008a400000, 0x000000008a500000, 0x000000008a500000|100%| E|CS|TAMS 0x000000008a400000| PB 0x000000008a400000| Complete 
| 165|0x000000008a500000, 0x000000008a600000, 0x000000008a600000|100%| E|CS|TAMS 0x000000008a500000| PB 0x000000008a500000| Complete 
| 166|0x000000008a600000, 0x000000008a700000, 0x000000008a700000|100%| E|CS|TAMS 0x000000008a600000| PB 0x000000008a600000| Complete 
| 167|0x000000008a700000, 0x000000008a800000, 0x000000008a800000|100%| E|CS|TAMS 0x000000008a700000| PB 0x000000008a700000| Complete 
| 168|0x000000008a800000, 0x000000008a900000, 0x000000008a900000|100%| E|CS|TAMS 0x000000008a800000| PB 0x000000008a800000| Complete 
| 169|0x000000008a900000, 0x000000008aa00000, 0x000000008aa00000|100%| E|CS|TAMS 0x000000008a900000| PB 0x000000008a900000| Complete 
| 170|0x000000008aa00000, 0x000000008ab00000, 0x000000008ab00000|100%| E|CS|TAMS 0x000000008aa00000| PB 0x000000008aa00000| Complete 
| 286|0x0000000091e00000, 0x0000000091f00000, 0x0000000091f00000|100%| E|CS|TAMS 0x0000000091e00000| PB 0x0000000091e00000| Complete 
| 379|0x0000000097b00000, 0x0000000097c00000, 0x0000000097c00000|100%| E|CS|TAMS 0x0000000097b00000| PB 0x0000000097b00000| Complete 
|2043|0x00000000ffb00000, 0x00000000ffc00000, 0x00000000ffc00000|100%| O|  |TAMS 0x00000000ffb00000| PB 0x00000000ffb00000| Untracked 
|2044|0x00000000ffc00000, 0x00000000ffd00000, 0x00000000ffd00000|100%| O|  |TAMS 0x00000000ffc00000| PB 0x00000000ffc00000| Untracked 
|2045|0x00000000ffd00000, 0x00000000ffe00000, 0x00000000ffe00000|100%| E|CS|TAMS 0x00000000ffd00000| PB 0x00000000ffd00000| Complete 
|2046|0x00000000ffe00000, 0x00000000fff00000, 0x00000000fff00000|100%| E|CS|TAMS 0x00000000ffe00000| PB 0x00000000ffe00000| Complete 
|2047|0x00000000fff00000, 0x0000000100000000, 0x0000000100000000|100%| E|CS|TAMS 0x00000000fff00000| PB 0x00000000fff00000| Complete 

Card table byte_map: [0x0000027859ab0000,0x0000027859eb0000] _byte_map_base: 0x00000278596b0000

Marking Bits: (CMBitMap*) 0x0000027845199f90
 Bits: [0x0000027859eb0000, 0x000002785beb0000)

Polling page: 0x0000027845520000

Metaspace:

Usage:
  Non-class:     77.57 MB used.
      Class:     12.89 MB used.
       Both:     90.47 MB used.

Virtual space:
  Non-class space:      128.00 MB reserved,      78.69 MB ( 61%) committed,  2 nodes.
      Class space:        1.00 GB reserved,      14.00 MB (  1%) committed,  1 nodes.
             Both:        1.12 GB reserved,      92.69 MB (  8%) committed. 

Chunk freelists:
   Non-Class:  1.28 MB
       Class:  1.88 MB
        Both:  3.16 MB

MaxMetaspaceSize: unlimited
CompressedClassSpaceSize: 1.00 GB
Initial GC threshold: 21.00 MB
Current GC threshold: 152.31 MB
CDS: on
 - commit_granule_bytes: 65536.
 - commit_granule_words: 8192.
 - virtual_space_node_default_size: 8388608.
 - enlarge_chunks_in_place: 1.
 - use_allocation_guard: 0.


Internal statistics:

num_allocs_failed_limit: 6.
num_arena_births: 4140.
num_arena_deaths: 0.
num_vsnodes_births: 3.
num_vsnodes_deaths: 0.
num_space_committed: 1483.
num_space_uncommitted: 0.
num_chunks_returned_to_freelist: 6.
num_chunks_taken_from_freelist: 8489.
num_chunk_merges: 6.
num_chunk_splits: 5569.
num_chunks_enlarged: 3459.
num_inconsistent_stats: 0.

CodeHeap 'non-profiled nmethods': size=120000Kb used=5923Kb max_used=6508Kb free=114076Kb
 bounds [0x0000027851720000, 0x0000027851d80000, 0x0000027858c50000]
CodeHeap 'profiled nmethods': size=120000Kb used=18303Kb max_used=18882Kb free=101696Kb
 bounds [0x0000027849c50000, 0x000002784aed0000, 0x0000027851180000]
CodeHeap 'non-nmethods': size=5760Kb used=2222Kb max_used=2279Kb free=3537Kb
 bounds [0x0000027851180000, 0x00000278513f0000, 0x0000027851720000]
CodeCache: size=245760Kb, used=26448Kb, max_used=27669Kb, free=219309Kb
 total_blobs=10737, nmethods=9869, adapters=772, full_count=0
Compilation: enabled, stopped_count=0, restarted_count=0

Compilation events (20 events):
Event: 28.081 Thread 0x000002785e9b8cf0 11588       1       org.gradle.internal.properties.annotations.NoOpPropertyAnnotationHandler::isPropertyRelevant (2 bytes)
Event: 28.081 Thread 0x000002785e9b8cf0 nmethod 11588 0x0000027851a88010 code [0x0000027851a881a0, 0x0000027851a88268]
Event: 28.081 Thread 0x000002785e9b8cf0 11589       1       org.gradle.model.internal.type.ClassTypeWrapper::hashCode (5 bytes)
Event: 28.081 Thread 0x000002785e9b8cf0 nmethod 11589 0x0000027851a87c10 code [0x0000027851a87da0, 0x0000027851a87e68]
Event: 28.081 Thread 0x000002785e9b8cf0 11568       1       org.gradle.internal.reflect.annotations.impl.DefaultTypeAnnotationMetadataStore::access$400 (5 bytes)
Event: 28.081 Thread 0x000002785e9b8cf0 nmethod 11568 0x0000027851bb2f10 code [0x0000027851bb30a0, 0x0000027851bb3150]
Event: 28.082 Thread 0x000002785e9b4af0 nmethod 11567 0x0000027851a68a10 code [0x0000027851a68c40, 0x0000027851a69560]
Event: 28.082 Thread 0x000002785e9b4af0 11582       4       java.util.TreeMap::getEntryUsingComparator (74 bytes)
Event: 28.084 Thread 0x000002785e9b4af0 nmethod 11582 0x0000027851bb2b10 code [0x0000027851bb2ca0, 0x0000027851bb2dd0]
Event: 28.084 Thread 0x000002785e9b4af0 11587       4       java.util.stream.ReferencePipeline::anyMatch (18 bytes)
Event: 28.085 Thread 0x000002785e9b8cf0 11590       3       org.gradle.api.internal.collections.CollectionFilter$1::execute (24 bytes)
Event: 28.085 Thread 0x000002785e9b8cf0 nmethod 11590 0x000002784aa7d810 code [0x000002784aa7d9e0, 0x000002784aa7dc40]
Event: 28.107 Thread 0x000002785e9b4af0 nmethod 11587 0x0000027851984190 code [0x00000278519843c0, 0x0000027851984a48]
Event: 28.107 Thread 0x000002785e9b4af0 11591   !   4       org.gradle.internal.classloader.CachingClassLoader::loadClass (85 bytes)
Event: 28.114 Thread 0x000002785e9b8cf0 11592       1       org.gradle.internal.reflect.annotations.impl.DefaultTypeAnnotationMetadata::getPropertiesAnnotationMetadata (5 bytes)
Event: 28.114 Thread 0x000002785e9b8cf0 nmethod 11592 0x0000027851983e90 code [0x0000027851984020, 0x00000278519840e8]
Event: 28.114 Thread 0x000002785e9b8cf0 11593       1       org.gradle.internal.reflect.annotations.impl.DefaultTypeAnnotationMetadata::getFunctionAnnotationMetadata (5 bytes)
Event: 28.115 Thread 0x000002785e9b8cf0 nmethod 11593 0x00000278517b8d10 code [0x00000278517b8ea0, 0x00000278517b8f68]
Event: 28.147 Thread 0x000002785e9b8cf0 11595       3       sun.reflect.generics.parser.SignatureParser::parseFormalTypeParameter (16 bytes)
Event: 28.148 Thread 0x000002785e9b8cf0 nmethod 11595 0x000002784a229790 code [0x000002784a2299a0, 0x000002784a229ed8]

GC Heap History (20 events):
Event: 15.854 GC heap before
{Heap before GC invocations=19 (full 0):
 garbage-first heap   total 86016K, used 74663K [0x0000000080000000, 0x0000000100000000)
  region size 1024K, 29 young (29696K), 4 survivors (4096K)
 Metaspace       used 55630K, committed 57344K, reserved 1114112K
  class space    used 8060K, committed 8896K, reserved 1048576K
}
Event: 15.858 GC heap after
{Heap after GC invocations=20 (full 0):
 garbage-first heap   total 86016K, used 50688K [0x0000000080000000, 0x0000000100000000)
  region size 1024K, 3 young (3072K), 3 survivors (3072K)
 Metaspace       used 55630K, committed 57344K, reserved 1114112K
  class space    used 8060K, committed 8896K, reserved 1048576K
}
Event: 16.060 GC heap before
{Heap before GC invocations=21 (full 0):
 garbage-first heap   total 86016K, used 75264K [0x0000000080000000, 0x0000000100000000)
  region size 1024K, 28 young (28672K), 3 survivors (3072K)
 Metaspace       used 55665K, committed 57344K, reserved 1114112K
  class space    used 8060K, committed 8896K, reserved 1048576K
}
Event: 16.064 GC heap after
{Heap after GC invocations=22 (full 0):
 garbage-first heap   total 86016K, used 51297K [0x0000000080000000, 0x0000000100000000)
  region size 1024K, 3 young (3072K), 3 survivors (3072K)
 Metaspace       used 55665K, committed 57344K, reserved 1114112K
  class space    used 8060K, committed 8896K, reserved 1048576K
}
Event: 16.200 GC heap before
{Heap before GC invocations=22 (full 0):
 garbage-first heap   total 86016K, used 75873K [0x0000000080000000, 0x0000000100000000)
  region size 1024K, 27 young (27648K), 3 survivors (3072K)
 Metaspace       used 55672K, committed 57408K, reserved 1114112K
  class space    used 8061K, committed 8896K, reserved 1048576K
}
Event: 16.203 GC heap after
{Heap after GC invocations=23 (full 0):
 garbage-first heap   total 86016K, used 50665K [0x0000000080000000, 0x0000000100000000)
  region size 1024K, 4 young (4096K), 4 survivors (4096K)
 Metaspace       used 55672K, committed 57408K, reserved 1114112K
  class space    used 8061K, committed 8896K, reserved 1048576K
}
Event: 16.376 GC heap before
{Heap before GC invocations=23 (full 0):
 garbage-first heap   total 86016K, used 75241K [0x0000000080000000, 0x0000000100000000)
  region size 1024K, 29 young (29696K), 4 survivors (4096K)
 Metaspace       used 55676K, committed 57408K, reserved 1114112K
  class space    used 8061K, committed 8896K, reserved 1048576K
}
Event: 16.379 GC heap after
{Heap after GC invocations=24 (full 0):
 garbage-first heap   total 237568K, used 51184K [0x0000000080000000, 0x0000000100000000)
  region size 1024K, 4 young (4096K), 4 survivors (4096K)
 Metaspace       used 55676K, committed 57408K, reserved 1114112K
  class space    used 8061K, committed 8896K, reserved 1048576K
}
Event: 18.260 GC heap before
{Heap before GC invocations=25 (full 0):
 garbage-first heap   total 174080K, used 161776K [0x0000000080000000, 0x0000000100000000)
  region size 1024K, 102 young (104448K), 4 survivors (4096K)
 Metaspace       used 62428K, committed 64320K, reserved 1114112K
  class space    used 8814K, committed 9792K, reserved 1048576K
}
Event: 18.269 GC heap after
{Heap after GC invocations=26 (full 0):
 garbage-first heap   total 177152K, used 71065K [0x0000000080000000, 0x0000000100000000)
  region size 1024K, 13 young (13312K), 13 survivors (13312K)
 Metaspace       used 62428K, committed 64320K, reserved 1114112K
  class space    used 8814K, committed 9792K, reserved 1048576K
}
Event: 20.030 GC heap before
{Heap before GC invocations=26 (full 0):
 garbage-first heap   total 177152K, used 161177K [0x0000000080000000, 0x0000000100000000)
  region size 1024K, 96 young (98304K), 13 survivors (13312K)
 Metaspace       used 69330K, committed 71360K, reserved 1114112K
  class space    used 9771K, committed 10752K, reserved 1048576K
}
Event: 20.042 GC heap after
{Heap after GC invocations=27 (full 0):
 garbage-first heap   total 182272K, used 76419K [0x0000000080000000, 0x0000000100000000)
  region size 1024K, 8 young (8192K), 8 survivors (8192K)
 Metaspace       used 69330K, committed 71360K, reserved 1114112K
  class space    used 9771K, committed 10752K, reserved 1048576K
}
Event: 22.025 GC heap before
{Heap before GC invocations=27 (full 0):
 garbage-first heap   total 182272K, used 159363K [0x0000000080000000, 0x0000000100000000)
  region size 1024K, 89 young (91136K), 8 survivors (8192K)
 Metaspace       used 76741K, committed 78720K, reserved 1179648K
  class space    used 10765K, committed 11776K, reserved 1048576K
}
Event: 22.034 GC heap after
{Heap after GC invocations=28 (full 0):
 garbage-first heap   total 182272K, used 79610K [0x0000000080000000, 0x0000000100000000)
  region size 1024K, 4 young (4096K), 4 survivors (4096K)
 Metaspace       used 76741K, committed 78720K, reserved 1179648K
  class space    used 10765K, committed 11776K, reserved 1048576K
}
Event: 23.340 GC heap before
{Heap before GC invocations=29 (full 0):
 garbage-first heap   total 182272K, used 161530K [0x0000000080000000, 0x0000000100000000)
  region size 1024K, 84 young (86016K), 4 survivors (4096K)
 Metaspace       used 79694K, committed 81856K, reserved 1179648K
  class space    used 11203K, committed 12288K, reserved 1048576K
}
Event: 23.351 GC heap after
{Heap after GC invocations=30 (full 0):
 garbage-first heap   total 182272K, used 85560K [0x0000000080000000, 0x0000000100000000)
  region size 1024K, 10 young (10240K), 10 survivors (10240K)
 Metaspace       used 79694K, committed 81856K, reserved 1179648K
  class space    used 11203K, committed 12288K, reserved 1048576K
}
Event: 24.787 GC heap before
{Heap before GC invocations=30 (full 0):
 garbage-first heap   total 182272K, used 163384K [0x0000000080000000, 0x0000000100000000)
  region size 1024K, 85 young (87040K), 10 survivors (10240K)
 Metaspace       used 85377K, committed 87488K, reserved 1179648K
  class space    used 11982K, committed 13056K, reserved 1048576K
}
Event: 24.801 GC heap after
{Heap after GC invocations=31 (full 0):
 garbage-first heap   total 182272K, used 86932K [0x0000000080000000, 0x0000000100000000)
  region size 1024K, 4 young (4096K), 4 survivors (4096K)
 Metaspace       used 85377K, committed 87488K, reserved 1179648K
  class space    used 11982K, committed 13056K, reserved 1048576K
}
Event: 27.265 GC heap before
{Heap before GC invocations=31 (full 0):
 garbage-first heap   total 182272K, used 164756K [0x0000000080000000, 0x0000000100000000)
  region size 1024K, 80 young (81920K), 4 survivors (4096K)
 Metaspace       used 91072K, committed 93248K, reserved 1179648K
  class space    used 12911K, committed 14016K, reserved 1048576K
}
Event: 27.273 GC heap after
{Heap after GC invocations=32 (full 0):
 garbage-first heap   total 182272K, used 89737K [0x0000000080000000, 0x0000000100000000)
  region size 1024K, 7 young (7168K), 7 survivors (7168K)
 Metaspace       used 91072K, committed 93248K, reserved 1179648K
  class space    used 12911K, committed 14016K, reserved 1048576K
}

Dll operation events (14 events):
Event: 0.013 Loaded shared library C:\Users\ThanhCong\.antigravity\extensions\redhat.java-1.53.0-win32-x64\jre\21.0.10-win32-x86_64\bin\java.dll
Event: 0.115 Loaded shared library C:\Users\ThanhCong\.antigravity\extensions\redhat.java-1.53.0-win32-x64\jre\21.0.10-win32-x86_64\bin\zip.dll
Event: 0.142 Loaded shared library C:\Users\ThanhCong\.antigravity\extensions\redhat.java-1.53.0-win32-x64\jre\21.0.10-win32-x86_64\bin\instrument.dll
Event: 0.150 Loaded shared library C:\Users\ThanhCong\.antigravity\extensions\redhat.java-1.53.0-win32-x64\jre\21.0.10-win32-x86_64\bin\net.dll
Event: 0.153 Loaded shared library C:\Users\ThanhCong\.antigravity\extensions\redhat.java-1.53.0-win32-x64\jre\21.0.10-win32-x86_64\bin\nio.dll
Event: 0.157 Loaded shared library C:\Users\ThanhCong\.antigravity\extensions\redhat.java-1.53.0-win32-x64\jre\21.0.10-win32-x86_64\bin\zip.dll
Event: 0.510 Loaded shared library C:\Users\ThanhCong\.antigravity\extensions\redhat.java-1.53.0-win32-x64\jre\21.0.10-win32-x86_64\bin\jimage.dll
Event: 0.672 Loaded shared library C:\Users\ThanhCong\.antigravity\extensions\redhat.java-1.53.0-win32-x64\jre\21.0.10-win32-x86_64\bin\verify.dll
Event: 0.801 Loaded shared library C:\Users\ThanhCong\.gradle\native\1def1411415f61bf3af743bc5b6707747c0891f09f0c88961ee8f79bc544acac\windows-amd64\native-platform.dll
Event: 0.815 Loaded shared library C:\Users\ThanhCong\.gradle\native\0.2.7\x86_64-windows-gnu\gradle-fileevents.dll
Event: 1.954 Loaded shared library C:\Users\ThanhCong\.antigravity\extensions\redhat.java-1.53.0-win32-x64\jre\21.0.10-win32-x86_64\bin\management.dll
Event: 1.966 Loaded shared library C:\Users\ThanhCong\.antigravity\extensions\redhat.java-1.53.0-win32-x64\jre\21.0.10-win32-x86_64\bin\management_ext.dll
Event: 2.198 Loaded shared library C:\Users\ThanhCong\.antigravity\extensions\redhat.java-1.53.0-win32-x64\jre\21.0.10-win32-x86_64\bin\extnet.dll
Event: 2.473 Loaded shared library C:\Users\ThanhCong\.antigravity\extensions\redhat.java-1.53.0-win32-x64\jre\21.0.10-win32-x86_64\bin\sunmscapi.dll

Deoptimization events (20 events):
Event: 27.501 Thread 0x00000278647aad90 Uncommon trap: trap_request=0xffffff45 fr.pc=0x00000278517fca48 relative=0x00000000000000e8
Event: 27.501 Thread 0x00000278647aad90 Uncommon trap: reason=unstable_if action=reinterpret pc=0x00000278517fca48 method=sun.reflect.generics.parser.SignatureParser.parseTypeSignature()Lsun/reflect/generics/tree/TypeSignature; @ 4 c2
Event: 27.501 Thread 0x00000278647aad90 DEOPT PACKING pc=0x00000278517fca48 sp=0x000000f9350f66c0
Event: 27.501 Thread 0x00000278647aad90 DEOPT UNPACKING pc=0x00000278511d7ba2 sp=0x000000f9350f6668 mode 2
Event: 27.554 Thread 0x00000278647aad90 Uncommon trap: trap_request=0xffffffc6 fr.pc=0x0000027851d518a8 relative=0x0000000000000be8
Event: 27.554 Thread 0x00000278647aad90 Uncommon trap: reason=bimorphic_or_optimized_type_check action=maybe_recompile pc=0x0000027851d518a8 method=org.gradle.internal.operations.DefaultBuildOperationListenerManager$ProgressShieldingBuildOperationListener.started(Lorg/gradle/internal/operations
Event: 27.554 Thread 0x00000278647aad90 DEOPT PACKING pc=0x0000027851d518a8 sp=0x000000f9350f8840
Event: 27.554 Thread 0x00000278647aad90 DEOPT UNPACKING pc=0x00000278511d7ba2 sp=0x000000f9350f8808 mode 2
Event: 27.555 Thread 0x00000278647aad90 Uncommon trap: trap_request=0xffffffc6 fr.pc=0x0000027851d518a8 relative=0x0000000000000be8
Event: 27.555 Thread 0x00000278647aad90 Uncommon trap: reason=bimorphic_or_optimized_type_check action=maybe_recompile pc=0x0000027851d518a8 method=org.gradle.internal.operations.DefaultBuildOperationListenerManager$ProgressShieldingBuildOperationListener.started(Lorg/gradle/internal/operations
Event: 27.555 Thread 0x00000278647aad90 DEOPT PACKING pc=0x0000027851d518a8 sp=0x000000f9350f8840
Event: 27.555 Thread 0x00000278647aad90 DEOPT UNPACKING pc=0x00000278511d7ba2 sp=0x000000f9350f8808 mode 2
Event: 27.556 Thread 0x00000278647aad90 Uncommon trap: trap_request=0xffffffc6 fr.pc=0x0000027851d518a8 relative=0x0000000000000be8
Event: 27.556 Thread 0x00000278647aad90 Uncommon trap: reason=bimorphic_or_optimized_type_check action=maybe_recompile pc=0x0000027851d518a8 method=org.gradle.internal.operations.DefaultBuildOperationListenerManager$ProgressShieldingBuildOperationListener.started(Lorg/gradle/internal/operations
Event: 27.556 Thread 0x00000278647aad90 DEOPT PACKING pc=0x0000027851d518a8 sp=0x000000f9350f7320
Event: 27.556 Thread 0x00000278647aad90 DEOPT UNPACKING pc=0x00000278511d7ba2 sp=0x000000f9350f72e8 mode 2
Event: 27.967 Thread 0x00000278647aad90 Uncommon trap: trap_request=0xffffffd6 fr.pc=0x0000027851c750f8 relative=0x0000000000000438
Event: 27.967 Thread 0x00000278647aad90 Uncommon trap: reason=array_check action=maybe_recompile pc=0x0000027851c750f8 method=java.util.Arrays.fill([Ljava/lang/Object;IILjava/lang/Object;)V @ 20 c2
Event: 27.967 Thread 0x00000278647aad90 DEOPT PACKING pc=0x0000027851c750f8 sp=0x000000f9350f6850
Event: 27.967 Thread 0x00000278647aad90 DEOPT UNPACKING pc=0x00000278511d7ba2 sp=0x000000f9350f6818 mode 2

Classes loaded (20 events):
Event: 24.571 Loading class java/util/regex/Pattern$Caret
Event: 24.571 Loading class java/util/regex/Pattern$Caret done
Event: 27.150 Loading class java/io/NotSerializableException
Event: 27.151 Loading class java/io/NotSerializableException done
Event: 27.443 Loading class java/util/stream/ReduceOps$5
Event: 27.444 Loading class java/util/stream/ReduceOps$5 done
Event: 27.444 Loading class java/util/stream/ReduceOps$CountingSink$OfRef
Event: 27.444 Loading class java/util/stream/ReduceOps$CountingSink
Event: 27.445 Loading class java/util/stream/ReduceOps$CountingSink done
Event: 27.445 Loading class java/util/stream/ReduceOps$CountingSink$OfRef done
Event: 27.501 Loading class sun/reflect/generics/tree/BooleanSignature
Event: 27.501 Loading class sun/reflect/generics/tree/BooleanSignature done
Event: 27.517 Loading class org/xml/sax/Locator
Event: 27.517 Loading class org/xml/sax/Locator done
Event: 27.517 Loading class org/xml/sax/SAXParseException
Event: 27.517 Loading class org/xml/sax/SAXParseException done
Event: 27.523 Loading class org/xml/sax/Attributes
Event: 27.523 Loading class org/xml/sax/Attributes done
Event: 27.629 Loading class java/io/CharArrayWriter
Event: 27.631 Loading class java/io/CharArrayWriter done

Classes unloaded (0 events):
No events

Classes redefined (0 events):
No events

Internal exceptions (20 events):
Event: 23.105 Thread 0x00000278647aad90 Implicit null exception at 0x00000278518d0b14 to 0x00000278518d0e14
Event: 23.906 Thread 0x00000278647aad90 Exception <a 'java/lang/NoSuchMethodError'{0x000000008907b9d8}: 'java.lang.Object java.lang.invoke.DirectMethodHandle$Holder.newInvokeSpecial(java.lang.Object, java.lang.Object, java.lang.Object, java.lang.Object, java.lang.Object, java.lang.Object, java.lang.Object, java.lang.Object, java.lang.Object, java.lang.Object, java.lang.Object, java.lang.Object, java.lang.Object, java.lang.Object)'> (0x000000008907b9d8) 
thrown [s\src\hotspot\share\interpreter\linkResolver.cpp, line 773]
Event: 24.456 Thread 0x00000278647aad90 Exception <a 'java/lang/NoSuchMethodError'{0x000000008729db10}: 'void java.lang.invoke.Invokers$Holder.invokeExact_MT(java.lang.Object, java.lang.Object, java.lang.Object, java.lang.Object)'> (0x000000008729db10) 
thrown [s\src\hotspot\share\interpreter\linkResolver.cpp, line 773]
Event: 25.926 Thread 0x00000278647aad90 Exception <a 'java/lang/NoSuchMethodError'{0x00000000885b4978}: 'java.lang.Object java.lang.invoke.Invokers$Holder.invokeExact_MT(java.lang.Object, java.lang.Object, java.lang.Object, int, java.lang.Object, java.lang.Object)'> (0x00000000885b4978) 
thrown [s\src\hotspot\share\interpreter\linkResolver.cpp, line 773]
Event: 26.362 Thread 0x00000278647aad90 Exception <a 'java/lang/ClassNotFoundException'{0x000000008736de08}: com/android/build/gradle/internal/api/ApkVariantOutputImpl_DecoratedBeanInfo> (0x000000008736de08) 
thrown [s\src\hotspot\share\classfile\systemDictionary.cpp, line 312]
Event: 26.363 Thread 0x00000278647aad90 Exception <a 'java/lang/ClassNotFoundException'{0x000000008737c160}: com/android/build/gradle/internal/api/ApkVariantOutputImplBeanInfo> (0x000000008737c160) 
thrown [s\src\hotspot\share\classfile\systemDictionary.cpp, line 312]
Event: 26.364 Thread 0x00000278647aad90 Exception <a 'java/lang/ClassNotFoundException'{0x000000008738a760}: com/android/build/gradle/internal/api/BaseVariantOutputImplBeanInfo> (0x000000008738a760) 
thrown [s\src\hotspot\share\classfile\systemDictionary.cpp, line 312]
Event: 26.365 Thread 0x00000278647aad90 Exception <a 'java/lang/ClassNotFoundException'{0x0000000087398ac8}: com/android/build/gradle/internal/api/BaseVariantOutputImplCustomizer> (0x0000000087398ac8) 
thrown [s\src\hotspot\share\classfile\systemDictionary.cpp, line 312]
Event: 26.370 Thread 0x00000278647aad90 Exception <a 'java/lang/ClassNotFoundException'{0x00000000873ba738}: com/android/build/gradle/internal/api/ApkVariantOutputImplCustomizer> (0x00000000873ba738) 
thrown [s\src\hotspot\share\classfile\systemDictionary.cpp, line 312]
Event: 26.373 Thread 0x00000278647aad90 Exception <a 'java/lang/ClassNotFoundException'{0x00000000873d7d88}: com/android/build/gradle/internal/api/ApkVariantOutputImpl_DecoratedCustomizer> (0x00000000873d7d88) 
thrown [s\src\hotspot\share\classfile\systemDictionary.cpp, line 312]
Event: 26.919 Thread 0x00000278647aad90 Exception <a 'java/lang/ClassNotFoundException'{0x0000000086a23110}: com/android/build/gradle/internal/api/ReadOnlyBuildTypeBeanInfo> (0x0000000086a23110) 
thrown [s\src\hotspot\share\classfile\systemDictionary.cpp, line 312]
Event: 26.920 Thread 0x00000278647aad90 Exception <a 'java/lang/ClassNotFoundException'{0x0000000086a31410}: com/android/build/gradle/internal/api/ReadOnlyBaseConfigBeanInfo> (0x0000000086a31410) 
thrown [s\src\hotspot\share\classfile\systemDictionary.cpp, line 312]
Event: 26.922 Thread 0x00000278647aad90 Exception <a 'java/lang/ClassNotFoundException'{0x0000000086a3f728}: com/android/build/gradle/internal/api/ReadOnlyBaseConfigCustomizer> (0x0000000086a3f728) 
thrown [s\src\hotspot\share\classfile\systemDictionary.cpp, line 312]
Event: 26.924 Thread 0x00000278647aad90 Exception <a 'java/lang/ClassNotFoundException'{0x0000000086a5eb40}: com/android/build/gradle/internal/api/ReadOnlyBuildTypeCustomizer> (0x0000000086a5eb40) 
thrown [s\src\hotspot\share\classfile\systemDictionary.cpp, line 312]
Event: 27.486 Thread 0x00000278647aad90 Exception <a 'java/lang/ClassNotFoundException'{0x0000000091e35158}: org/gradle/api/internal/project/DefaultProject_DecoratedBeanInfo> (0x0000000091e35158) 
thrown [s\src\hotspot\share\classfile\systemDictionary.cpp, line 312]
Event: 27.487 Thread 0x00000278647aad90 Exception <a 'java/lang/ClassNotFoundException'{0x0000000091e413d8}: org/gradle/api/internal/project/DefaultProjectBeanInfo> (0x0000000091e413d8) 
thrown [s\src\hotspot\share\classfile\systemDictionary.cpp, line 312]
Event: 27.488 Thread 0x00000278647aad90 Exception <a 'java/lang/ClassNotFoundException'{0x0000000091e4d7a0}: org/gradle/api/internal/project/AbstractPluginAwareBeanInfo> (0x0000000091e4d7a0) 
thrown [s\src\hotspot\share\classfile\systemDictionary.cpp, line 312]
Event: 27.489 Thread 0x00000278647aad90 Exception <a 'java/lang/ClassNotFoundException'{0x0000000091e59b40}: org/gradle/api/internal/project/AbstractPluginAwareCustomizer> (0x0000000091e59b40) 
thrown [s\src\hotspot\share\classfile\systemDictionary.cpp, line 312]
Event: 27.492 Thread 0x00000278647aad90 Exception <a 'java/lang/ClassNotFoundException'{0x0000000091e6bfc8}: org/gradle/api/internal/project/DefaultProjectCustomizer> (0x0000000091e6bfc8) 
thrown [s\src\hotspot\share\classfile\systemDictionary.cpp, line 312]
Event: 27.513 Thread 0x00000278647aad90 Exception <a 'java/lang/ClassNotFoundException'{0x000000008aa28698}: org/gradle/api/internal/project/DefaultProject_DecoratedCustomizer> (0x000000008aa28698) 
thrown [s\src\hotspot\share\classfile\systemDictionary.cpp, line 312]

ZGC Phase Switch (0 events):
No events

VM Operations (20 events):
Event: 25.810 Executing safepoint VM operation: Cleanup
Event: 25.825 Executing safepoint VM operation: Cleanup done
Event: 26.831 Executing safepoint VM operation: Cleanup
Event: 26.894 Executing safepoint VM operation: Cleanup done
Event: 27.154 Executing non-safepoint VM operation: HandshakeAllThreads (Deoptimize)
Event: 27.154 Executing non-safepoint VM operation: HandshakeAllThreads (Deoptimize) done
Event: 27.265 Executing safepoint VM operation: G1CollectForAllocation (G1 Evacuation Pause)
Event: 27.273 Executing safepoint VM operation: G1CollectForAllocation (G1 Evacuation Pause) done
Event: 27.306 Executing non-safepoint VM operation: HandshakeAllThreads (Deoptimize)
Event: 27.306 Executing non-safepoint VM operation: HandshakeAllThreads (Deoptimize) done
Event: 27.319 Executing non-safepoint VM operation: HandshakeAllThreads (Deoptimize)
Event: 27.320 Executing non-safepoint VM operation: HandshakeAllThreads (Deoptimize) done
Event: 27.380 Executing safepoint VM operation: G1PauseRemark
Event: 27.389 Executing safepoint VM operation: G1PauseRemark done
Event: 27.432 Executing safepoint VM operation: G1PauseCleanup
Event: 27.441 Executing safepoint VM operation: G1PauseCleanup done
Event: 27.543 Executing non-safepoint VM operation: HandshakeAllThreads (Deoptimize)
Event: 27.543 Executing non-safepoint VM operation: HandshakeAllThreads (Deoptimize) done
Event: 28.553 Executing safepoint VM operation: Cleanup
Event: 28.553 Executing safepoint VM operation: Cleanup done

Memory protections (0 events):
No events

Nmethod flushes (20 events):
Event: 27.386 Thread 0x000002785e9731d0 flushing  nmethod 0x000002784a306190
Event: 27.386 Thread 0x000002785e9731d0 flushing  nmethod 0x000002784a30d190
Event: 27.386 Thread 0x000002785e9731d0 flushing  nmethod 0x000002784a423c90
Event: 27.386 Thread 0x000002785e9731d0 flushing  nmethod 0x000002784a4b7f90
Event: 27.386 Thread 0x000002785e9731d0 flushing  nmethod 0x000002784a4bb810
Event: 27.386 Thread 0x000002785e9731d0 flushing  nmethod 0x000002784a5db410
Event: 27.386 Thread 0x000002785e9731d0 flushing  nmethod 0x000002784a5dd290
Event: 27.386 Thread 0x000002785e9731d0 flushing  nmethod 0x000002784a630310
Event: 27.386 Thread 0x000002785e9731d0 flushing  nmethod 0x000002784a630e10
Event: 27.386 Thread 0x000002785e9731d0 flushing  nmethod 0x000002784a631410
Event: 27.386 Thread 0x000002785e9731d0 flushing  nmethod 0x000002784a631910
Event: 27.386 Thread 0x000002785e9731d0 flushing  nmethod 0x000002784a631e90
Event: 27.386 Thread 0x000002785e9731d0 flushing  nmethod 0x000002784a633e90
Event: 27.386 Thread 0x000002785e9731d0 flushing  nmethod 0x000002784a639310
Event: 27.386 Thread 0x000002785e9731d0 flushing  nmethod 0x000002784a63d390
Event: 27.386 Thread 0x000002785e9731d0 flushing  nmethod 0x000002784a738a10
Event: 27.386 Thread 0x000002785e9731d0 flushing  nmethod 0x000002784a810090
Event: 27.386 Thread 0x000002785e9731d0 flushing  nmethod 0x000002784a814790
Event: 27.386 Thread 0x000002785e9731d0 flushing  nmethod 0x000002784a815590
Event: 27.386 Thread 0x000002785e9731d0 flushing  nmethod 0x000002784aa9bc90

Events (20 events):
Event: 15.146 Thread 0x00000278647aad90 Thread added: 0x0000027867d1c3b0
Event: 15.154 Thread 0x00000278647aad90 Thread added: 0x0000027867d20be0
Event: 15.157 Thread 0x00000278647aad90 Thread added: 0x0000027867d1f1a0
Event: 15.158 Thread 0x00000278647aad90 Thread added: 0x0000027867d1fec0
Event: 17.239 Thread 0x0000027867b09190 Thread exited: 0x0000027867b09190
Event: 17.507 Thread 0x0000027867b061e0 Thread exited: 0x0000027867b061e0
Event: 18.040 Thread 0x000002785e9b8cf0 Thread added: 0x0000027867b09190
Event: 18.476 Thread 0x000002785e9b8cf0 Thread added: 0x0000027867b07650
Event: 18.822 Thread 0x00000278647aad90 Thread added: 0x0000027867d1d0d0
Event: 20.849 Thread 0x0000027867b07650 Thread exited: 0x0000027867b07650
Event: 21.476 Thread 0x00000278647aad90 Thread added: 0x0000027866533600
Event: 22.498 Thread 0x000002785e9b4af0 Thread added: 0x00000278689a4d90
Event: 22.614 Thread 0x00000278689a4d90 Thread exited: 0x00000278689a4d90
Event: 22.949 Thread 0x0000027867b09190 Thread exited: 0x0000027867b09190
Event: 23.002 Thread 0x000002785e9b8cf0 Thread added: 0x00000278689a6200
Event: 23.888 Thread 0x00000278689a6200 Thread exited: 0x00000278689a6200
Event: 24.019 Thread 0x000002785e9b8cf0 Thread added: 0x00000278689a7d40
Event: 25.102 Thread 0x00000278689a7d40 Thread exited: 0x00000278689a7d40
Event: 26.046 Thread 0x000002785e9b4af0 Thread added: 0x00000278689aa620
Event: 27.131 Thread 0x00000278689aa620 Thread exited: 0x00000278689aa620


Dynamic libraries:
0x00007ff6093b0000 - 0x00007ff6093be000 	C:\Users\ThanhCong\.antigravity\extensions\redhat.java-1.53.0-win32-x64\jre\21.0.10-win32-x86_64\bin\java.exe
0x00007ff9a4840000 - 0x00007ff9a4aa7000 	C:\WINDOWS\SYSTEM32\ntdll.dll
0x00007ff9a3bb0000 - 0x00007ff9a3c79000 	C:\WINDOWS\System32\KERNEL32.DLL
0x00007ff9a20b0000 - 0x00007ff9a24a1000 	C:\WINDOWS\System32\KERNELBASE.dll
0x00007ff9a1f60000 - 0x00007ff9a20ab000 	C:\WINDOWS\System32\ucrtbase.dll
0x00007ff98dc70000 - 0x00007ff98dc88000 	C:\Users\ThanhCong\.antigravity\extensions\redhat.java-1.53.0-win32-x64\jre\21.0.10-win32-x86_64\bin\jli.dll
0x00007ff9a4410000 - 0x00007ff9a45d5000 	C:\WINDOWS\System32\USER32.dll
0x00007ff9a1ea0000 - 0x00007ff9a1ec7000 	C:\WINDOWS\System32\win32u.dll
0x00007ff9a2da0000 - 0x00007ff9a2dcb000 	C:\WINDOWS\System32\GDI32.dll
0x00007ff9a24b0000 - 0x00007ff9a25da000 	C:\WINDOWS\System32\gdi32full.dll
0x00007ff9a1c70000 - 0x00007ff9a1d13000 	C:\WINDOWS\System32\msvcp_win.dll
0x00007ff98db70000 - 0x00007ff98db8e000 	C:\Users\ThanhCong\.antigravity\extensions\redhat.java-1.53.0-win32-x64\jre\21.0.10-win32-x86_64\bin\VCRUNTIME140.dll
0x00007ff981260000 - 0x00007ff9814f3000 	C:\WINDOWS\WinSxS\amd64_microsoft.windows.common-controls_6595b64144ccf1df_6.0.26100.7922_none_3e089e1ee3342171\COMCTL32.dll
0x00007ff9a3270000 - 0x00007ff9a3319000 	C:\WINDOWS\System32\msvcrt.dll
0x00007ff9a3330000 - 0x00007ff9a3361000 	C:\WINDOWS\System32\IMM32.DLL
0x00007ff99cfd0000 - 0x00007ff99cfdc000 	C:\Users\ThanhCong\.antigravity\extensions\redhat.java-1.53.0-win32-x64\jre\21.0.10-win32-x86_64\bin\vcruntime140_1.dll
0x00007ff975480000 - 0x00007ff97550d000 	C:\Users\ThanhCong\.antigravity\extensions\redhat.java-1.53.0-win32-x64\jre\21.0.10-win32-x86_64\bin\msvcp140.dll
0x00007ff94cd80000 - 0x00007ff94db21000 	C:\Users\ThanhCong\.antigravity\extensions\redhat.java-1.53.0-win32-x64\jre\21.0.10-win32-x86_64\bin\server\jvm.dll
0x00007ff9a2f30000 - 0x00007ff9a2feb000 	C:\WINDOWS\System32\ADVAPI32.dll
0x00007ff9a2810000 - 0x00007ff9a28b7000 	C:\WINDOWS\System32\sechost.dll
0x00007ff9a25e0000 - 0x00007ff9a26f8000 	C:\WINDOWS\System32\RPCRT4.dll
0x00007ff9a2700000 - 0x00007ff9a2774000 	C:\WINDOWS\System32\WS2_32.dll
0x00007ff99f0b0000 - 0x00007ff99f0e5000 	C:\WINDOWS\SYSTEM32\WINMM.dll
0x00007ff9a0f80000 - 0x00007ff9a0fde000 	C:\WINDOWS\SYSTEM32\POWRPROF.dll
0x00007ff997530000 - 0x00007ff99753b000 	C:\WINDOWS\SYSTEM32\VERSION.dll
0x00007ff9a0f60000 - 0x00007ff9a0f74000 	C:\WINDOWS\SYSTEM32\UMPDC.dll
0x00007ff99fe70000 - 0x00007ff99fe8b000 	C:\WINDOWS\SYSTEM32\kernel.appcore.dll
0x00007ff996dc0000 - 0x00007ff996dca000 	C:\Users\ThanhCong\.antigravity\extensions\redhat.java-1.53.0-win32-x64\jre\21.0.10-win32-x86_64\bin\jimage.dll
0x00007ff99ede0000 - 0x00007ff99f022000 	C:\WINDOWS\SYSTEM32\DBGHELP.DLL
0x00007ff9a4080000 - 0x00007ff9a4402000 	C:\WINDOWS\System32\combase.dll
0x00007ff9a3d80000 - 0x00007ff9a3e57000 	C:\WINDOWS\System32\OLEAUT32.dll
0x00007ff99f070000 - 0x00007ff99f0ab000 	C:\WINDOWS\SYSTEM32\dbgcore.DLL
0x00007ff9a1990000 - 0x00007ff9a1a35000 	C:\WINDOWS\System32\bcryptPrimitives.dll
0x00007ff98da20000 - 0x00007ff98da2f000 	C:\Users\ThanhCong\.antigravity\extensions\redhat.java-1.53.0-win32-x64\jre\21.0.10-win32-x86_64\bin\instrument.dll
0x00007ff98d9a0000 - 0x00007ff98d9c0000 	C:\Users\ThanhCong\.antigravity\extensions\redhat.java-1.53.0-win32-x64\jre\21.0.10-win32-x86_64\bin\java.dll
0x00007ff9a3440000 - 0x00007ff9a3b9f000 	C:\WINDOWS\System32\SHELL32.dll
0x00007ff9a1a40000 - 0x00007ff9a1baa000 	C:\WINDOWS\System32\wintypes.dll
0x00007ff9a1120000 - 0x00007ff9a1984000 	C:\WINDOWS\System32\windows.storage.dll
0x00007ff9a2ff0000 - 0x00007ff9a30e7000 	C:\WINDOWS\System32\SHCORE.dll
0x00007ff9a3d10000 - 0x00007ff9a3d77000 	C:\WINDOWS\System32\shlwapi.dll
0x00007ff9a1040000 - 0x00007ff9a1069000 	C:\WINDOWS\SYSTEM32\profapi.dll
0x00007ff98d5a0000 - 0x00007ff98d5b8000 	C:\Users\ThanhCong\.antigravity\extensions\redhat.java-1.53.0-win32-x64\jre\21.0.10-win32-x86_64\bin\zip.dll
0x00007ff996d40000 - 0x00007ff996d50000 	C:\Users\ThanhCong\.antigravity\extensions\redhat.java-1.53.0-win32-x64\jre\21.0.10-win32-x86_64\bin\net.dll
0x00007ff99ae60000 - 0x00007ff99af87000 	C:\WINDOWS\SYSTEM32\WINHTTP.dll
0x00007ff9a03c0000 - 0x00007ff9a042b000 	C:\WINDOWS\system32\mswsock.dll
0x00007ff98d770000 - 0x00007ff98d786000 	C:\Users\ThanhCong\.antigravity\extensions\redhat.java-1.53.0-win32-x64\jre\21.0.10-win32-x86_64\bin\nio.dll
0x00007ff98d990000 - 0x00007ff98d9a0000 	C:\Users\ThanhCong\.antigravity\extensions\redhat.java-1.53.0-win32-x64\jre\21.0.10-win32-x86_64\bin\verify.dll
0x00007ff933360000 - 0x00007ff933387000 	C:\Users\ThanhCong\.gradle\native\1def1411415f61bf3af743bc5b6707747c0891f09f0c88961ee8f79bc544acac\windows-amd64\native-platform.dll
0x00007ff933b40000 - 0x00007ff933bb8000 	C:\Users\ThanhCong\.gradle\native\0.2.7\x86_64-windows-gnu\gradle-fileevents.dll
0x00007ff98d760000 - 0x00007ff98d76a000 	C:\Users\ThanhCong\.antigravity\extensions\redhat.java-1.53.0-win32-x64\jre\21.0.10-win32-x86_64\bin\management.dll
0x00007ff98d6b0000 - 0x00007ff98d6bc000 	C:\Users\ThanhCong\.antigravity\extensions\redhat.java-1.53.0-win32-x64\jre\21.0.10-win32-x86_64\bin\management_ext.dll
0x00007ff9a3e80000 - 0x00007ff9a3e88000 	C:\WINDOWS\System32\PSAPI.DLL
0x00007ff99f910000 - 0x00007ff99f943000 	C:\WINDOWS\SYSTEM32\IPHLPAPI.DLL
0x00007ff9a3e90000 - 0x00007ff9a3e9a000 	C:\WINDOWS\System32\NSI.dll
0x00007ff98d690000 - 0x00007ff98d699000 	C:\Users\ThanhCong\.antigravity\extensions\redhat.java-1.53.0-win32-x64\jre\21.0.10-win32-x86_64\bin\extnet.dll
0x00007ff9a07c0000 - 0x00007ff9a07db000 	C:\WINDOWS\SYSTEM32\CRYPTSP.dll
0x00007ff99fdd0000 - 0x00007ff99fe09000 	C:\WINDOWS\system32\rsaenh.dll
0x00007ff9a0470000 - 0x00007ff9a04a2000 	C:\WINDOWS\SYSTEM32\USERENV.dll
0x00007ff9a1010000 - 0x00007ff9a103a000 	C:\WINDOWS\SYSTEM32\bcrypt.dll
0x00007ff9a0620000 - 0x00007ff9a062c000 	C:\WINDOWS\SYSTEM32\CRYPTBASE.dll
0x00007ff98d6a0000 - 0x00007ff98d6ae000 	C:\Users\ThanhCong\.antigravity\extensions\redhat.java-1.53.0-win32-x64\jre\21.0.10-win32-x86_64\bin\sunmscapi.dll
0x00007ff9a1d20000 - 0x00007ff9a1e97000 	C:\WINDOWS\System32\CRYPT32.dll
0x00007ff9a0920000 - 0x00007ff9a0950000 	C:\WINDOWS\SYSTEM32\ncrypt.dll
0x00007ff9a08d0000 - 0x00007ff9a090f000 	C:\WINDOWS\SYSTEM32\NTASN1.dll
0x00007ff962450000 - 0x00007ff962458000 	C:\WINDOWS\system32\wshunix.dll

JVMTI agents:
C:\Users\ThanhCong\.gradle\wrapper\dists\gradle-8.13-bin\5xuhj0ry160q40clulazy9h7d\gradle-8.13\lib\agents\gradle-instrumentation-agent-8.13.jar path:C:\Users\ThanhCong\.antigravity\extensions\redhat.java-1.53.0-win32-x64\jre\21.0.10-win32-x86_64\bin\instrument.dll, loaded, initialized, instrumentlib options:none

dbghelp: loaded successfully - version: 4.0.5 - missing functions: none
symbol engine: initialized successfully - sym options: 0x614 - pdb path: .;C:\Users\ThanhCong\.antigravity\extensions\redhat.java-1.53.0-win32-x64\jre\21.0.10-win32-x86_64\bin;C:\WINDOWS\SYSTEM32;C:\WINDOWS\WinSxS\amd64_microsoft.windows.common-controls_6595b64144ccf1df_6.0.26100.7922_none_3e089e1ee3342171;C:\Users\ThanhCong\.antigravity\extensions\redhat.java-1.53.0-win32-x64\jre\21.0.10-win32-x86_64\bin\server;C:\Users\ThanhCong\.gradle\native\1def1411415f61bf3af743bc5b6707747c0891f09f0c88961ee8f79bc544acac\windows-amd64;C:\Users\ThanhCong\.gradle\native\0.2.7\x86_64-windows-gnu

VM Arguments:
jvm_args: --add-opens=java.base/java.lang=ALL-UNNAMED --add-opens=java.base/java.lang.invoke=ALL-UNNAMED --add-opens=java.base/java.util=ALL-UNNAMED --add-opens=java.prefs/java.util.prefs=ALL-UNNAMED --add-exports=jdk.compiler/com.sun.tools.javac.api=ALL-UNNAMED --add-exports=jdk.compiler/com.sun.tools.javac.util=ALL-UNNAMED --add-opens=java.base/java.util=ALL-UNNAMED --add-opens=java.prefs/java.util.prefs=ALL-UNNAMED --add-opens=java.base/java.nio.charset=ALL-UNNAMED --add-opens=java.base/java.net=ALL-UNNAMED --add-opens=java.base/java.util.concurrent.atomic=ALL-UNNAMED --add-opens=java.xml/javax.xml.namespace=ALL-UNNAMED -Xmx2048m -Dfile.encoding=UTF-8 -Duser.country=US -Duser.language=en -Duser.variant -javaagent:C:\Users\ThanhCong\.gradle\wrapper\dists\gradle-8.13-bin\5xuhj0ry160q40clulazy9h7d\gradle-8.13\lib\agents\gradle-instrumentation-agent-8.13.jar 
java_command: org.gradle.launcher.daemon.bootstrap.GradleDaemon 8.13
java_class_path (initial): C:\Users\ThanhCong\.gradle\wrapper\dists\gradle-8.13-bin\5xuhj0ry160q40clulazy9h7d\gradle-8.13\lib\gradle-daemon-main-8.13.jar
Launcher Type: SUN_STANDARD

[Global flags]
     intx CICompilerCount                          = 4                                         {product} {ergonomic}
     uint ConcGCThreads                            = 2                                         {product} {ergonomic}
     uint G1ConcRefinementThreads                  = 8                                         {product} {ergonomic}
   size_t G1HeapRegionSize                         = 1048576                                   {product} {ergonomic}
    uintx GCDrainStackTargetSize                   = 64                                        {product} {ergonomic}
   size_t InitialHeapSize                          = 398458880                                 {product} {ergonomic}
   size_t MarkStackSize                            = 4194304                                   {product} {ergonomic}
   size_t MaxHeapSize                              = 2147483648                                {product} {command line}
   size_t MaxNewSize                               = 1287651328                                {product} {ergonomic}
   size_t MinHeapDeltaBytes                        = 1048576                                   {product} {ergonomic}
   size_t MinHeapSize                              = 8388608                                   {product} {ergonomic}
    uintx NonNMethodCodeHeapSize                   = 5839372                                {pd product} {ergonomic}
    uintx NonProfiledCodeHeapSize                  = 122909434                              {pd product} {ergonomic}
    uintx ProfiledCodeHeapSize                     = 122909434                              {pd product} {ergonomic}
    uintx ReservedCodeCacheSize                    = 251658240                              {pd product} {ergonomic}
     bool SegmentedCodeCache                       = true                                      {product} {ergonomic}
   size_t SoftMaxHeapSize                          = 2147483648                             {manageable} {ergonomic}
     bool UseCompressedOops                        = true                           {product lp64_product} {ergonomic}
     bool UseG1GC                                  = true                                      {product} {ergonomic}
     bool UseLargePagesIndividualAllocation        = false                                  {pd product} {ergonomic}

Logging:
Log output configuration:
 #0: stdout all=warning uptime,level,tags foldmultilines=false
 #1: stderr all=off uptime,level,tags foldmultilines=false

Release file:
JAVA_VERSION="21.0.10" 
MODULES="java.base java.compiler java.datatransfer java.xml java.prefs java.desktop java.instrument java.logging java.management java.security.sasl java.naming java.rmi java.management.rmi java.net.http java.scripting java.security.jgss java.transaction.xa java.sql java.sql.rowset java.xml.crypto java.se java.smartcardio jdk.accessibility jdk.internal.jvmstat jdk.attach jdk.charsets jdk.internal.opt jdk.zipfs jdk.compiler jdk.crypto.ec jdk.crypto.cryptoki jdk.crypto.mscapi jdk.dynalink jdk.internal.ed jdk.editpad jdk.hotspot.agent jdk.httpserver jdk.internal.le jdk.internal.vm.ci jdk.internal.vm.compiler jdk.internal.vm.compiler.management jdk.jartool jdk.javadoc jdk.jcmd jdk.management jdk.management.agent jdk.jconsole jdk.jdeps jdk.jdwp.agent jdk.jdi jdk.jfr jdk.jshell jdk.jsobject jdk.jstatd jdk.localedata jdk.management.jfr jdk.naming.dns jdk.naming.rmi jdk.net jdk.nio.mapmode jdk.random jdk.sctp jdk.security.auth jdk.security.jgss jdk.unsupported jdk.unsupported.desktop jdk.xml.dom" 

Environment Variables:
JAVA_HOME=E:\jdk-17
PATH=e:\cursor\resources\app\bin;C:\Program Files\Common Files\Oracle\Java\javapath;C:\Program Files (x86)\Common Files\Oracle\Java\java8path;C:\Program Files (x86)\Common Files\Oracle\Java\javapath;C:\WINDOWS\system32;C:\WINDOWS;C:\WINDOWS\System32\Wbem;C:\WINDOWS\System32\WindowsPowerShell\v1.0\;C:\WINDOWS\System32\OpenSSH\;C:\Program Files\dotnet\;C:\Program Files\nodejs\;C:\Program Files\Git\cmd;C:\Program Files (x86)\Microsoft SQL Server\160\Tools\Binn\;C:\Program Files\Microsoft SQL Server\160\Tools\Binn\;C:\Program Files\Microsoft SQL Server\Client SDK\ODBC\170\Tools\Binn\;C:\Program Files\Microsoft SQL Server\160\DTS\Binn\;C:\Program Files (x86)\Microsoft SQL Server\160\DTS\Binn\;C:\Users\ThanhCong\AppData\Local\Programs\Python\Python312\;C:\Program Files\MySQL\MySQL Shell 8.0\bin\;C:\Users\ThanhCo;E:\jdk-17\bin;E:\jdk-17\bin;C:\Users\ThanhCong\AppData\Local\Programs\Python\Python312\Scripts;E:\apache-maven-3.9.11-bin\apache-maven-3.9.11\bin;E:\apache-tomcat-10.1.48\apache-tomcat-10.1.48\bin;C:\Program Files\Cloudflare\Cloudflare WARP\;C:\Program Files\Docker\Docker\resources\bin;C:\Program Files\MySQL\MySQL Shell 8.0\bin\;C:\Users\ThanhCong\AppData\Local\Programs\Python\Python312\Scripts\;C:\Users\ThanhCong\AppData\Local\Programs\Python\Python312\;e:\cursor\resources\app\bin;C:\Program Files\Common Files\Oracle\Java\javapath;C:\Program Files (x86)\Common Files\Oracle\Java\java8path;C:\Program Files (x86)\Common Files\Oracle\Java\javapath;C:\WINDOWS\system32;C:\WINDOWS;C:\WINDOWS\System32\Wbem;C:\WINDOWS\System32\WindowsPowerShell\v1.0\;C:\WINDOWS\System32\OpenSSH\;C:\Program Files\dotnet\;C:\Program Files\nodejs\;C:\Program Files\Git\cmd;C:\Program Files (x86)\Microsoft SQL Server\160\Tools\Binn\;C:\Program Files\Microsoft SQL Server\160\Tools\Binn\;C:\Program Files\Microsoft SQL Server\Client SDK\ODBC\170\Tools\Binn\;C:\Program Files\Microsoft SQL Server\160\DTS\Binn\;C:\Program Files (x86)\Microsoft SQL Server\160\DTS\Binn\;C:\Users\ThanhCong\AppData\Local\Programs\Python\Python312\;C:\Program Files\MySQL\MySQL Shell 8.0\bin\;C:\Users\ThanhCo;E:\jdk-17\bin;E:\jdk-17\bin;C:\Users\ThanhCong\AppData\Local\Programs\Python\Python312\Scripts;E:\apache-maven-3.9.11-bin\apache-maven-3.9.11\bin;E:\apache-tomcat-10.1.48\apache-tomcat-10.1.48\bin;C:\Program Files\Cloudflare\Cloudflare WARP\;C:\Program Files\Docker\Docker\resources\bin;E:\cursor\resources\app\bin;C:\Users\ThanhCong\AppData\Local\Programs\Microsoft VS Code\bin;E:\flutter\bin;E:\Antigravity\bin
USERNAME=ThanhCong
OS=Windows_NT
PROCESSOR_IDENTIFIER=Intel64 Family 6 Model 140 Stepping 2, GenuineIntel
TMP=C:\Users\THANHC~1\AppData\Local\Temp
TEMP=C:\Users\THANHC~1\AppData\Local\Temp




Periodic native trim disabled

---------------  S Y S T E M  ---------------

OS:
 Windows 11 , 64 bit Build 26100 (10.0.26100.7920)
OS uptime: 10 days 7:41 hours
Hyper-V role detected

CPU: total 8 (initial active 8) (4 cores per cpu, 2 threads per core) family 6 model 140 stepping 2 microcode 0x3c, cx8, cmov, fxsr, ht, mmx, 3dnowpref, sse, sse2, sse3, ssse3, sse4.1, sse4.2, popcnt, lzcnt, tsc, tscinvbit, avx, avx2, aes, erms, clmul, bmi1, bmi2, adx, avx512f, avx512dq, avx512cd, avx512bw, avx512vl, sha, fma, vzeroupper, avx512_vpopcntdq, avx512_vpclmulqdq, avx512_vaes, avx512_vnni, clflush, clflushopt, clwb, avx512_vbmi2, avx512_vbmi, hv, rdtscp, rdpid, fsrm, gfni, avx512_bitalg, f16c, cet_ibt, cet_ss, avx512_ifma
Processor Information for the first 8 processors :
  Max Mhz: 2496, Current Mhz: 2496, Mhz Limit: 2496

Memory: 4k page, system-wide physical 24314M (1736M free)
TotalPageFile size 48038M (AvailPageFile size 126M)
current process WorkingSet (physical memory assigned to process): 450M, peak: 454M
current process commit charge ("private bytes"): 486M, peak: 579M

vm_info: OpenJDK 64-Bit Server VM (21.0.10+7-LTS) for windows-amd64 JRE (21.0.10+7-LTS), built on 2026-01-20T00:00:00Z by "admin" with MS VC++ 17.12 (VS2022)

END.
